

<!DOCTYPE html>
<html>
<head>
<meta charset="utf-8">
<meta name="viewport" content="width=device-width, initial-scale=1, shrink-to-fit=no">
<title>Extent</title>
<link rel="apple-touch-icon" href="https://cdn.jsdelivr.net/gh/extent-framework/extent-github-cdn@b00a2d0486596e73dd7326beacf352c639623a0e/commons/img/logo.png">
<link rel="shortcut icon" href="https://cdn.jsdelivr.net/gh/extent-framework/extent-github-cdn@b00a2d0486596e73dd7326beacf352c639623a0e/commons/img/logo.png">
<link href="https://cdn.jsdelivr.net/gh/extent-framework/extent-github-cdn@c43b89d03a7c43dae8bb8f0f078bad1997af6b3b/spark/css/spark-style.css" rel="stylesheet" />
<link href="https://stackpath.bootstrapcdn.com/font-awesome/4.7.0/css/font-awesome.min.css" rel="stylesheet">
<script src="https://cdn.rawgit.com/extent-framework/extent-github-cdn/7cc78ce/spark/js/jsontree.js"></script>
<style type="text/css"></style></head><body class="spa bdd-report dark">
  <div class="app">
    <div class="layout">
<div class="header navbar">
<div class="vheader">
<div class="nav-logo">
<a href="#">
<div class="logo" style="background-image: url('https://cdn.jsdelivr.net/gh/extent-framework/extent-github-cdn@b00a2d0486596e73dd7326beacf352c639623a0e/commons/img/logo.png')"></div>
</a>
</div>
<ul class="nav-left">
<li class="search-box">
<a class="search-toggle" href="#">
<i class="search-icon fa fa-search"></i>
<i class="search-icon-close fa fa-close"></i>
</a>
</li>
<li class="search-input"><input id="search-tests" class="form-control" type="text" placeholder="Search..."></li>
</ul>
<ul class="nav-right">
<li class="m-r-10">
<a href="#"><span class="badge badge-primary">Grasshopper Report</span></a>
</li>
<li class="m-r-10">
<a href="#"><span class="badge badge-primary">Oct 26, 2022 06:44:27 PM</span></a>
</li>
</ul>
</div>
</div><div class="side-nav">
<div class="side-nav-inner">
<ul class="side-nav-menu">
<li class="nav-item dropdown" onclick="toggleView('dashboard-view')">
<a id="nav-dashboard" class="dropdown-toggle" href="#">
<span class="ico"><i class="fa fa-bar-chart"></i></span>
</a>
</li>
<li class="nav-item dropdown" onclick="toggleView('test-view')">
<a id="nav-test" class="dropdown-toggle" href="#">
<span class="ico"><i class="fa fa-list"></i></span>
</a>
</li>
<li class="nav-item dropdown" onclick="toggleView('category-view')">
<a id="nav-category" class="dropdown-toggle" href="#">
<span class="ico"><i class="fa fa-tag"></i></span>
</a>
</li>
<li class="nav-item dropdown" onclick="toggleView('exception-view')">
<a id="nav-exception" class="dropdown-toggle" href="#">
<span class="ico"><i class="fa fa-bug"></i></span>
</a>
</li>
</ul>
</div>
</div>      <div class="vcontainer">
        <div class="main-content">
<div class="container-fluid p-4 view dashboard-view">
<div class="row">
<div class="col-md-3">
<div class="card"><div class="card-body">
<p class="m-b-0">Started</p>
<h3>Oct 26, 2022 06:44:27 PM</h3>
</div></div>
</div>
<div class="col-md-3">
<div class="card"><div class="card-body">
<p class="m-b-0">Ended</p>
<h3>Oct 26, 2022 07:02:27 PM</h3>
</div></div>
</div>
<div class="col-md-3">
<div class="card"><div class="card-body">
<p class="m-b-0 text-pass">Features Passed</p>
<h3>8</h3>
</div></div>
</div>
<div class="col-md-3">
<div class="card"><div class="card-body">
<p class="m-b-0 text-fail">Features Failed</p>
<h3>10</h3>
</div></div>
</div>
</div>
<div class="row">
<div class="col-md-4">
<div class="card">
<div class="card-header">
<h6 class="card-title">Features</h6>
</div>
<div class="card-body">
<div class="">
<canvas id='parent-analysis' width='115' height='90'></canvas>
</div>
</div>
<div class="card-footer">
<div><small data-tooltip='44%'>
<b>8</b> features passed
</small>
</div>
<div>
<small data-tooltip='55%'><b>10</b> features failed,
<b>0</b> skipped, <b data-tooltip='0%'>0</b> others
</small>
</div>
</div>
</div>
</div>
<div class="col-md-4">
<div class="card">
<div class="card-header">
<h6 class="card-title">Scenarios</h6>
</div>
<div class="card-body">
<div class="">
<canvas id='child-analysis' width='115' height='90'></canvas>
</div>
</div>
<div class="card-footer">
<div><small data-tooltip='44%'><b>8</b> scenarios passed</small></div>
<div>
<small data-tooltip='55%'><b>10</b> scenarios failed,
<b>0</b> skipped, <b data-tooltip='%'>0</b> others
</small>
</div>
</div>
</div>
</div>
<div class="col-md-4">
<div class="card">
<div class="card-header">
<h6 class="card-title">Steps</h6>
</div>
<div class="card-body">
<div class="">
<canvas id='grandchild-analysis' width='115' height='90'></canvas>
</div>
</div>
<div class="card-footer">
<div><small data-tooltip='71%'><b>50</b> steps passed</small></div>
<div>
<small data-tooltip='14%'><b>10</b> steps failed,
<b>10</b> skipped, <b data-tooltip='%'>0</b> others
</small>
</div>
</div>
</div>
</div>
</div>
<div class="row"><div class="col-md-12">
<div class="card"><div class="card-header"><p>Timeline</p></div>
<div class="card-body pt-0"><div>
<canvas id="timeline" height="120"></canvas>
</div></div>
</div>
</div></div>
<script>
var timeline = {
"Add PortFolio":9.691,"feature to see New Asset":17.708,"EditAssetPage":41.931,"Mutli asset imports":19.913,"Download Asset Info":65.096,"validate RealPage":65.656,"feature to see Create Loan":17.583,"DataSource Tab":8.578,"feature to see OverviewTab Calculations":21.086,"Tenant Portfolio Feature":132.419,"Overview Feature in Portfolio":8.355,"Reassign the portfolio feature":67.084,"Add a new Scenario":14.37,"Delete a Lona feature":311.724,"Search Asset in asset Page":186.309,"Loan Portfolio Feature":13.271,"Delete an asset":12.024,"validate realpage edit sale":64.689
};
</script>
<div class="row">
<div class="col-md-4 category-container">
<div class="card">
<div class="card-header"><p>Tags</p></div>
<div class="card-body pb-0 pt-0"><table class="table table-sm table-bordered">
<thead><tr class="bg-gray"><th>Name</th><th>Passed</th><th>Failed</th><th>Skipped</th><th>Others</th><th>Passed %</th></tr></thead><tbody>
<tr>
<td>@DEBTTab</td>
<td>2</td>
<td>0</td>
<td>0</td>
<td>0</td>
<td>100%</td>
</tr>
<tr>
<td>@CreateAsset</td>
<td>0</td>
<td>2</td>
<td>0</td>
<td>0</td>
<td>0%</td>
</tr>
<tr>
<td>@CreateLoan</td>
<td>2</td>
<td>0</td>
<td>0</td>
<td>0</td>
<td>100%</td>
</tr>
</tbody>
</table></div>
</div>
</div>
</div>
</div>
<script>
var statusGroup = {
parentCount: 5,
passParent: 8,
failParent: 10,
warningParent: 0,
skipParent: 0,
childCount: 5,
passChild: 8,
failChild: 10,
warningChild: 0,
skipChild: 0,
infoChild: 0,
grandChildCount: 5,
passGrandChild: 50,
failGrandChild: 10,
warningGrandChild: 0,
skipGrandChild: 10,
infoGrandChild: 0,
eventsCount: 5,
};
</script><div class="test-wrapper row view test-view">
  <div class="test-list">
    <div class="test-list-tools">
<ul class="tools pull-left">
<li><a href="#"><span class="font-size-14">Tests</span></a></li>
</ul>
<ul class="tools text-right">
<li class="dropdown">
<a href="#" class="dropdown-toggle" data-toggle="dropdown"><i class="fa fa-exclamation-circle"></i></a>
<ul id="status-toggle" class="dropdown-menu dropdown-md p-v-0">
<a class="dropdown-item" status="pass" href="#"><span>Pass</span><span class="status success"></span></a>
<a class="dropdown-item" status="fail" href="#"><span>Fail</span><span class="status danger"></span></a>
<div class="dropdown-divider"></div>
<a status="clear" class="dropdown-item" href="#"><span>Clear</span><span class="pull-right"><i class="fa fa-close"></i></span></a>
</ul>
</li>
<li class="dropdown">
<a href="#" class="dropdown-toggle" data-toggle="dropdown"><i class="fa fa-tag"></i></a>
<ul id="tag-toggle" class="dropdown-menu dropdown-md p-v-0">
<a class="dropdown-item" href="#">@DEBTTab</a><a class="dropdown-item" href="#">@CreateAsset</a><a class="dropdown-item" href="#">@CreateLoan</a>
</ul>
</li>
</ul>
</div>    <div class="test-list-wrapper scrollable">
      <ul class="test-list-item">
        <li class="test-item"  status="fail" test-id="1"
          author=""
          tag=""
          device="">
          <div class="test-detail">
            <p class="name">Add PortFolio</p>
            <p class="text-sm">
              <span>18:44:29 PM</span> / <span>00:00:09:691</span>
              <span class="badge fail-bg log float-right">Fail</span>
            </p>
          </div>
          <div class="test-contents d-none">
<div class="detail-head">
<div class="p-v-10">
<div class="info">
<h5 class="test-status text-fail">Add PortFolio</h5>
<span class='badge badge-success'>10.26.2022 18:44:29</span>
<span class='badge badge-danger'>10.26.2022 18:44:39</span>
<span class='badge badge-default'>00:00:09:691</span>
&middot; <span class='uri-anchor badge badge-default'>#test-id=1</span>
</div>
<div class="m-t-10 m-l-5"></div>
</div>
</div>
<div class="accordion mt-4">
  <div class="card">
    <div class="card-header" role="tab">
      <div class="card-title">
        <div class="node" id="2"><span class="badge log fail-bg mr-2">Fail</span>Portfolio Adding Scenario</div>
          <div class="status-avatar float-right mr-4">
            <i class="fa fa-paperclip"></i>
          </div>
      </div>
    </div>
        <div class="scenario_outline ">
            <div class="card-body l1">
              <div class="card-header">
                <div class="card-title outline-child">
                  <div class="node" id="3"><span class="badge log fail-bg mr-2">Fail</span>Portfolio Adding Scenario</div>
                    <div class="status-avatar float-right">
                      <i class="fa fa-paperclip"></i>
                    </div>
                </div>
              </div>
              <div class="card-body mt-3 ">
                  <div class="step pass-bg">
                    <span>Given Go to Portfolio Page</span>
      <div>
      </div>
                  </div>
                  <div class="step pass-bg">
                    <span>When Create  New Portfolio "Portfolio S" "Mangement" "Seema Kotecha" "Selenium Portfolio "</span>
      <div>
      </div>
                  </div>
                  <div class="step fail-bg">
                    <span>Then Verify the created Portfolio "Portfolio S"</span>
      <div>
        <textarea disabled class="code-block">java.lang.AssertionError: Expected Name : Portfolio SActual Name : Portfolio B expected [true] but found [false]
	at org.testng.Assert.fail(Assert.java:99)
	at org.testng.Assert.failNotEquals(Assert.java:1037)
	at org.testng.Assert.assertTrue(Assert.java:45)
	at com.pages.PortfolioPage.createPortfolio(PortfolioPage.java:50)
	at stepdefinitions.PortfolioSteps.verify_the_created_portfolio(PortfolioSteps.java:25)
	at ✽.Verify the created Portfolio "Portfolio S"(file:///home/uttham-vlit/Desktop/BB2-RealPage/src/test/resources/PositiveFlowFeature/0_Portfolio.feature:6)
</textarea>
      
      </div>
                  </div>
                  <div class="step pass-bg">
                    <span>apphooks.ApplicationHooks.tearDown(io.cucumber.java.Scenario)</span>
      <div>Portfolio_Adding_Scenario
          <div class="row mb-3"><div class="col-md-3">
    <img data-featherlight='../embedded1.png' src="../embedded1.png">
    
    </div></div>
</div>
      <div>
      </div>
                  </div>
              </div>
            </div>
        </div>
  </div>
</div>
          </div>
        </li>
        <li class="test-item"  status="fail" test-id="11"
          author=""
          tag=""
          device="">
          <div class="test-detail">
            <p class="name">feature to see New Asset</p>
            <p class="text-sm">
              <span>18:44:39 PM</span> / <span>00:00:17:708</span>
              <span class="badge fail-bg log float-right">Fail</span>
            </p>
          </div>
          <div class="test-contents d-none">
<div class="detail-head">
<div class="p-v-10">
<div class="info">
<h5 class="test-status text-fail">feature to see New Asset</h5>
<span class='badge badge-success'>10.26.2022 18:44:39</span>
<span class='badge badge-danger'>10.26.2022 18:44:56</span>
<span class='badge badge-default'>00:00:17:708</span>
&middot; <span class='uri-anchor badge badge-default'>#test-id=11</span>
</div>
<div class="m-t-10 m-l-5"></div>
</div>
</div>
<div class="accordion mt-4">
  <div class="card">
    <div class="card-header" role="tab">
      <div class="card-title">
        <div class="node" id="12"><span class="badge log fail-bg mr-2">Fail</span>create new asset</div>
          <div class="status-avatar float-right mr-4">
            <i class="fa fa-paperclip"></i>
          </div>
      </div>
    </div>
        <div class="scenario_outline ">
            <div class="card-body l1">
              <div class="card-header">
                <div class="card-title outline-child">
                  <div class="node" id="13"><span class="badge log fail-bg mr-2">Fail</span>create new asset</div>
                    <div class="status-avatar float-right">
                      <i class="fa fa-paperclip"></i>
                    </div>
                </div>
              </div>
              <div class="card-body mt-3 ">
                  <div class="step pass-bg">
                    <span>Given Opens RealPage  and user clicks on properties</span>
      <div>
      </div>
                  </div>
                  <div class="step pass-bg">
                    <span>When Enter Details Into OverViewPage "Selenium Testa" "98341r6bdgkd" "United States" " H.No#34 Street No:32 " "Los Angels" "California" "24753" "Industrial" "Operating" "15000000" "Alexander Cato" "Fund V" "Portfolio S" "02-23-2022" "2022" "04-23-2022" "USD" "SQFT" "22543" "Discounted Cash Flow" "/home/uttham-vlit/Downloads/download.jpeg"</span>
      <div>
      </div>
                  </div>
                  <div class="step pass-bg">
                    <span>And Enter Details Into ValutionsPage "/home/uttham-vlit/Downloads/single asset files/Cashflows.xlsx" "/home/uttham-vlit/Downloads/single asset files/Assumptions.xlsx" "Excel sheet validated successfully" "Excel sheet validated successfully"</span>
      <div>
      </div>
                  </div>
                  <div class="step pass-bg">
                    <span>And Enter Details Into LoansPage "/home/uttham-vlit/Downloads/single asset files/Loans.xlsx" "Excel sheet validated successfully"</span>
      <div>
      </div>
                  </div>
                  <div class="step fail-bg">
                    <span>Then Enter Details Into TenantsPage "/home/uttham-vlit/Downloads/single asset files/Tenants.xlsx" "Excel sheet validated successfully" "Selenium Testa" "Asset created successfully"</span>
      <div>
        <textarea disabled class="code-block">org.openqa.selenium.ElementClickInterceptedException: element click intercepted: Element <img _ngcontent-wes-c186="" src="http://realpage.vassarlabs.com/modelfiles/image/dd81e3cf-cfb8-43a7-994c-571199fadc5d_v_1.jpeg" alt="Selenium Testa" title="Selenium Testa"> is not clickable at point (559, 412). Other element would receive the click: <ngb-offcanvas-backdrop class="custom-offset-backdrop offcanvas-backdrop fade show"></ngb-offcanvas-backdrop>
  (Session info: headless chrome=103.0.5060.53)
Build info: version: '4.3.0', revision: 'a4995e2c09*'
System info: host: 'utthamvlit-Latitude-5580', ip: '127.0.1.1', os.name: 'Linux', os.arch: 'amd64', os.version: '5.15.0-48-generic', java.version: '11.0.16'
Driver info: org.openqa.selenium.chrome.ChromeDriver
Command: [0aff92fe29f5a8395b73ce4c8ba16e49, clickElement {id=b6f58b9d-430f-42ff-a6b0-95ff8f77c34c}]
Capabilities {acceptInsecureCerts: false, browserName: chrome, browserVersion: 103.0.5060.53, chrome: {chromedriverVersion: 103.0.5060.134 (8ec6fce403b..., userDataDir: /tmp/.com.google.Chrome.gEvTAX}, goog:chromeOptions: {debuggerAddress: localhost:43229}, networkConnectionEnabled: false, pageLoadStrategy: normal, platformName: LINUX, proxy: Proxy(), se:cdp: ws://localhost:43229/devtoo..., se:cdpVersion: 103.0.5060.53, setWindowRect: true, strictFileInteractability: false, timeouts: {implicit: 0, pageLoad: 300000, script: 30000}, unhandledPromptBehavior: dismiss and notify, webauthn:extension:credBlob: true, webauthn:extension:largeBlob: true, webauthn:virtualAuthenticators: true}
Element: [[ChromeDriver: chrome on LINUX (0aff92fe29f5a8395b73ce4c8ba16e49)] -> xpath: //img[@title='Selenium Testa']]
Session ID: 0aff92fe29f5a8395b73ce4c8ba16e49
	at java.base/jdk.internal.reflect.NativeConstructorAccessorImpl.newInstance0(Native Method)
	at java.base/jdk.internal.reflect.NativeConstructorAccessorImpl.newInstance(NativeConstructorAccessorImpl.java:62)
	at java.base/jdk.internal.reflect.DelegatingConstructorAccessorImpl.newInstance(DelegatingConstructorAccessorImpl.java:45)
	at java.base/java.lang.reflect.Constructor.newInstance(Constructor.java:490)
	at org.openqa.selenium.remote.codec.w3c.W3CHttpResponseCodec.createException(W3CHttpResponseCodec.java:200)
	at org.openqa.selenium.remote.codec.w3c.W3CHttpResponseCodec.decode(W3CHttpResponseCodec.java:133)
	at org.openqa.selenium.remote.codec.w3c.W3CHttpResponseCodec.decode(W3CHttpResponseCodec.java:53)
	at org.openqa.selenium.remote.HttpCommandExecutor.execute(HttpCommandExecutor.java:184)
	at org.openqa.selenium.remote.service.DriverCommandExecutor.invokeExecute(DriverCommandExecutor.java:167)
	at org.openqa.selenium.remote.service.DriverCommandExecutor.execute(DriverCommandExecutor.java:142)
	at org.openqa.selenium.remote.RemoteWebDriver.execute(RemoteWebDriver.java:569)
	at org.openqa.selenium.remote.RemoteWebElement.execute(RemoteWebElement.java:257)
	at org.openqa.selenium.remote.RemoteWebElement.click(RemoteWebElement.java:78)
	at com.pages.CreateAssetPage.clickOnparticularAsset(CreateAssetPage.java:322)
	at stepdefinitions.CreateAssetSteps.enter_Details_Into_tenantsTab(CreateAssetSteps.java:44)
	at ✽.Enter Details Into TenantsPage "/home/uttham-vlit/Downloads/single asset files/Tenants.xlsx" "Excel sheet validated successfully" "Selenium Testa" "Asset created successfully"(file:///home/uttham-vlit/Desktop/BB2-RealPage/src/test/resources/PositiveFlowFeature/1_CreateAsset.feature:9)
</textarea>
      
      </div>
                  </div>
                  <div class="step pass-bg">
                    <span>apphooks.ApplicationHooks.tearDown(io.cucumber.java.Scenario)</span>
      <div>create_new_asset
          <div class="row mb-3"><div class="col-md-3">
    <img data-featherlight='../embedded2.png' src="../embedded2.png">
    
    </div></div>
</div>
      <div>
      </div>
                  </div>
              </div>
            </div>
        </div>
  </div>
</div>
          </div>
        </li>
        <li class="test-item"  status="pass" test-id="23"
          author=""
          tag=""
          device="">
          <div class="test-detail">
            <p class="name">EditAssetPage</p>
            <p class="text-sm">
              <span>18:44:57 PM</span> / <span>00:00:41:931</span>
              <span class="badge pass-bg log float-right">Pass</span>
            </p>
          </div>
          <div class="test-contents d-none">
<div class="detail-head">
<div class="p-v-10">
<div class="info">
<h5 class="test-status text-pass">EditAssetPage</h5>
<span class='badge badge-success'>10.26.2022 18:44:57</span>
<span class='badge badge-danger'>10.26.2022 18:45:39</span>
<span class='badge badge-default'>00:00:41:931</span>
&middot; <span class='uri-anchor badge badge-default'>#test-id=23</span>
</div>
<div class="m-t-10 m-l-5"></div>
</div>
</div>
<div class="accordion mt-4">
  <div class="card">
    <div class="card-header" role="tab">
      <div class="card-title">
        <div class="node" id="24"><span class="badge log pass-bg mr-2">Pass</span>EditAssetPage</div>
      </div>
    </div>
        <div class="scenario_outline collapse">
            <div class="card-body l1">
              <div class="card-header">
                <div class="card-title outline-child">
                  <div class="node" id="25"><span class="badge log pass-bg mr-2">Pass</span>EditAssetPage</div>
                </div>
              </div>
              <div class="card-body mt-3 collapse">
                  <div class="step pass-bg">
                    <span>Given Opens RealPage  and user clicks on properties goes to a particular asset "Selenium Testa"</span>
      <div>
      </div>
                  </div>
                  <div class="step pass-bg">
                    <span>When clicks on edit button and edit the values "" "" "" "" "" "" "23452" "" "" "" "" "" "" "" "" "" "" "" "" ""</span>
      <div>
      </div>
                  </div>
                  <div class="step pass-bg">
                    <span>Then check the updated values "" "" "" "" "" "" "23452" "" "" "" "" "" "" "" "" "" "" "" "" "" "Successfully Updated Asset Details"</span>
      <div>
      </div>
                  </div>
              </div>
            </div>
        </div>
  </div>
</div>
          </div>
        </li>
        <li class="test-item"  status="fail" test-id="33"
          author=""
          tag=""
          device="">
          <div class="test-detail">
            <p class="name">Mutli asset imports</p>
            <p class="text-sm">
              <span>18:45:39 PM</span> / <span>00:00:19:913</span>
              <span class="badge fail-bg log float-right">Fail</span>
            </p>
          </div>
          <div class="test-contents d-none">
<div class="detail-head">
<div class="p-v-10">
<div class="info">
<h5 class="test-status text-fail">Mutli asset imports</h5>
<span class='badge badge-success'>10.26.2022 18:45:39</span>
<span class='badge badge-danger'>10.26.2022 18:45:58</span>
<span class='badge badge-default'>00:00:19:913</span>
&middot; <span class='uri-anchor badge badge-default'>#test-id=33</span>
</div>
<div class="m-t-10 m-l-5"></div>
</div>
</div>
<div class="accordion mt-4">
  <div class="card">
    <div class="card-header" role="tab">
      <div class="card-title">
        <div class="node" id="34"><span class="badge log fail-bg mr-2">Fail</span>Multi Asset Imports</div>
          <div class="status-avatar float-right mr-4">
            <i class="fa fa-paperclip"></i>
          </div>
      </div>
    </div>
        <div class="scenario_outline ">
            <div class="card-body l1">
              <div class="card-header">
                <div class="card-title outline-child">
                  <div class="node" id="35"><span class="badge log fail-bg mr-2">Fail</span>Multi Asset Imports</div>
                    <div class="status-avatar float-right">
                      <i class="fa fa-paperclip"></i>
                    </div>
                </div>
              </div>
              <div class="card-body mt-3 ">
                  <div class="step pass-bg">
                    <span>Given Go to properties page and click on import button</span>
      <div>
      </div>
                  </div>
                  <div class="step fail-bg">
                    <span>When Upload the required Files "/home/uttham-vlit/Downloads/Multi Assset Upload Files/Overview.xlsx" "/home/uttham-vlit/Downloads/Multi Assset Upload Files/Cashflows.xlsx" "/home/uttham-vlit/Downloads/Multi Assset Upload Files/Overview.xlsx" "/home/uttham-vlit/Downloads/Multi Assset Upload Files/Loans.xlsx" "/home/uttham-vlit/Downloads/Multi Assset Upload Files/Tenant.xlsx" "140 Industrial Dr,Campus Edge,Opengate Industrial,Overland Plaza,Premium Plaza,Skyview Apartments,Sugar Cane Apartments,Venture Tower,Waterview Mall" "Skyview Apartments" "Excel Sheet Validated successfully" "Excel Sheet Validated successfully" "Excel Sheet Validated successfully" "Excel Sheet Validated successfully" "Excel Sheet Validated successfully"</span>
      <div>
        <textarea disabled class="code-block">org.openqa.selenium.NoSuchElementException: no such element: Unable to locate element: {"method":"xpath","selector":"//*[text()='Skyview Apartments']"}
  (Session info: headless chrome=103.0.5060.53)
For documentation on this error, please visit: https://selenium.dev/exceptions/#no_such_element
Build info: version: '4.3.0', revision: 'a4995e2c09*'
System info: host: 'utthamvlit-Latitude-5580', ip: '127.0.1.1', os.name: 'Linux', os.arch: 'amd64', os.version: '5.15.0-48-generic', java.version: '11.0.16'
Driver info: org.openqa.selenium.chrome.ChromeDriver
Command: [d15a83c278b9b05fb8a8786e18fb0ca0, findElement {using=xpath, value=//*[text()='Skyview Apartments']}]
Capabilities {acceptInsecureCerts: false, browserName: chrome, browserVersion: 103.0.5060.53, chrome: {chromedriverVersion: 103.0.5060.134 (8ec6fce403b..., userDataDir: /tmp/.com.google.Chrome.b24HRd}, goog:chromeOptions: {debuggerAddress: localhost:42131}, networkConnectionEnabled: false, pageLoadStrategy: normal, platformName: LINUX, proxy: Proxy(), se:cdp: ws://localhost:42131/devtoo..., se:cdpVersion: 103.0.5060.53, setWindowRect: true, strictFileInteractability: false, timeouts: {implicit: 0, pageLoad: 300000, script: 30000}, unhandledPromptBehavior: dismiss and notify, webauthn:extension:credBlob: true, webauthn:extension:largeBlob: true, webauthn:virtualAuthenticators: true}
Session ID: d15a83c278b9b05fb8a8786e18fb0ca0
	at java.base/jdk.internal.reflect.NativeConstructorAccessorImpl.newInstance0(Native Method)
	at java.base/jdk.internal.reflect.NativeConstructorAccessorImpl.newInstance(NativeConstructorAccessorImpl.java:62)
	at java.base/jdk.internal.reflect.DelegatingConstructorAccessorImpl.newInstance(DelegatingConstructorAccessorImpl.java:45)
	at java.base/java.lang.reflect.Constructor.newInstance(Constructor.java:490)
	at org.openqa.selenium.remote.codec.w3c.W3CHttpResponseCodec.createException(W3CHttpResponseCodec.java:200)
	at org.openqa.selenium.remote.codec.w3c.W3CHttpResponseCodec.decode(W3CHttpResponseCodec.java:133)
	at org.openqa.selenium.remote.codec.w3c.W3CHttpResponseCodec.decode(W3CHttpResponseCodec.java:53)
	at org.openqa.selenium.remote.HttpCommandExecutor.execute(HttpCommandExecutor.java:184)
	at org.openqa.selenium.remote.service.DriverCommandExecutor.invokeExecute(DriverCommandExecutor.java:167)
	at org.openqa.selenium.remote.service.DriverCommandExecutor.execute(DriverCommandExecutor.java:142)
	at org.openqa.selenium.remote.RemoteWebDriver.execute(RemoteWebDriver.java:569)
	at org.openqa.selenium.remote.ElementLocation$ElementFinder$2.findElement(ElementLocation.java:162)
	at org.openqa.selenium.remote.ElementLocation.findElement(ElementLocation.java:60)
	at org.openqa.selenium.remote.RemoteWebDriver.findElement(RemoteWebDriver.java:387)
	at org.openqa.selenium.remote.RemoteWebDriver.findElement(RemoteWebDriver.java:379)
	at com.pages.MultiAssetUploadPage.verifyCreatedAssets(MultiAssetUploadPage.java:116)
	at com.pages.MultiAssetUploadPage.filesUpload(MultiAssetUploadPage.java:83)
	at stepdefinitions.MultiAssetUploadSteps.upload_the_required_files(MultiAssetUploadSteps.java:21)
	at ✽.Upload the required Files "/home/uttham-vlit/Downloads/Multi Assset Upload Files/Overview.xlsx" "/home/uttham-vlit/Downloads/Multi Assset Upload Files/Cashflows.xlsx" "/home/uttham-vlit/Downloads/Multi Assset Upload Files/Overview.xlsx" "/home/uttham-vlit/Downloads/Multi Assset Upload Files/Loans.xlsx" "/home/uttham-vlit/Downloads/Multi Assset Upload Files/Tenant.xlsx" "140 Industrial Dr,Campus Edge,Opengate Industrial,Overland Plaza,Premium Plaza,Skyview Apartments,Sugar Cane Apartments,Venture Tower,Waterview Mall" "Skyview Apartments" "Excel Sheet Validated successfully" "Excel Sheet Validated successfully" "Excel Sheet Validated successfully" "Excel Sheet Validated successfully" "Excel Sheet Validated successfully"(file:///home/uttham-vlit/Desktop/BB2-RealPage/src/test/resources/PositiveFlowFeature/2_MultiAssetUpload.feature:5)
</textarea>
      
      </div>
                  </div>
                  <div class="step skip-bg">
                    <span>Then Submit the Data "Skyview Apartments" "Excel Sheet Validated successfully" "Excel Sheet Validated successfully" "Excel Sheet Validated successfully" "Excel Sheet Validated successfully" "Excel Sheet Validated successfully"</span>
      <div>Step skipped
      </div>
                  </div>
                  <div class="step pass-bg">
                    <span>apphooks.ApplicationHooks.tearDown(io.cucumber.java.Scenario)</span>
      <div>Multi_Asset_Imports
          <div class="row mb-3"><div class="col-md-3">
    <img data-featherlight='../embedded3.png' src="../embedded3.png">
    
    </div></div>
</div>
      <div>
      </div>
                  </div>
              </div>
            </div>
        </div>
  </div>
</div>
          </div>
        </li>
        <li class="test-item"  status="fail" test-id="43"
          author=""
          tag=""
          device="">
          <div class="test-detail">
            <p class="name">Download Asset Info</p>
            <p class="text-sm">
              <span>18:45:58 PM</span> / <span>00:01:05:096</span>
              <span class="badge fail-bg log float-right">Fail</span>
            </p>
          </div>
          <div class="test-contents d-none">
<div class="detail-head">
<div class="p-v-10">
<div class="info">
<h5 class="test-status text-fail">Download Asset Info</h5>
<span class='badge badge-success'>10.26.2022 18:45:58</span>
<span class='badge badge-danger'>10.26.2022 18:47:04</span>
<span class='badge badge-default'>00:01:05:096</span>
&middot; <span class='uri-anchor badge badge-default'>#test-id=43</span>
</div>
<div class="m-t-10 m-l-5"></div>
</div>
</div>
<div class="accordion mt-4">
  <div class="card">
    <div class="card-header" role="tab">
      <div class="card-title">
        <div class="node" id="44"><span class="badge log fail-bg mr-2">Fail</span>Download Asset Info</div>
          <div class="status-avatar float-right mr-4">
            <i class="fa fa-paperclip"></i>
          </div>
      </div>
    </div>
        <div class="scenario_outline ">
            <div class="card-body l1">
              <div class="card-header">
                <div class="card-title outline-child">
                  <div class="node" id="45"><span class="badge log fail-bg mr-2">Fail</span>Download Asset Info</div>
                    <div class="status-avatar float-right">
                      <i class="fa fa-paperclip"></i>
                    </div>
                </div>
              </div>
              <div class="card-body mt-3 ">
                  <div class="step fail-bg">
                    <span>Given Go to particualr asset "Premium Plaza"</span>
      <div>
        <textarea disabled class="code-block">org.openqa.selenium.NoSuchElementException: no such element: Unable to locate element: {"method":"xpath","selector":"//img[@title='Premium Plaza']"}
  (Session info: headless chrome=103.0.5060.53)
For documentation on this error, please visit: https://selenium.dev/exceptions/#no_such_element
Build info: version: '4.3.0', revision: 'a4995e2c09*'
System info: host: 'utthamvlit-Latitude-5580', ip: '127.0.1.1', os.name: 'Linux', os.arch: 'amd64', os.version: '5.15.0-48-generic', java.version: '11.0.16'
Driver info: org.openqa.selenium.chrome.ChromeDriver
Command: [74fefad8b28c1afdb28e259ae373dde4, findElement {using=xpath, value=//img[@title='Premium Plaza']}]
Capabilities {acceptInsecureCerts: false, browserName: chrome, browserVersion: 103.0.5060.53, chrome: {chromedriverVersion: 103.0.5060.134 (8ec6fce403b..., userDataDir: /tmp/.com.google.Chrome.5pedjK}, goog:chromeOptions: {debuggerAddress: localhost:36281}, networkConnectionEnabled: false, pageLoadStrategy: normal, platformName: LINUX, proxy: Proxy(), se:cdp: ws://localhost:36281/devtoo..., se:cdpVersion: 103.0.5060.53, setWindowRect: true, strictFileInteractability: false, timeouts: {implicit: 0, pageLoad: 300000, script: 30000}, unhandledPromptBehavior: dismiss and notify, webauthn:extension:credBlob: true, webauthn:extension:largeBlob: true, webauthn:virtualAuthenticators: true}
Session ID: 74fefad8b28c1afdb28e259ae373dde4
	at java.base/jdk.internal.reflect.NativeConstructorAccessorImpl.newInstance0(Native Method)
	at java.base/jdk.internal.reflect.NativeConstructorAccessorImpl.newInstance(NativeConstructorAccessorImpl.java:62)
	at java.base/jdk.internal.reflect.DelegatingConstructorAccessorImpl.newInstance(DelegatingConstructorAccessorImpl.java:45)
	at java.base/java.lang.reflect.Constructor.newInstance(Constructor.java:490)
	at org.openqa.selenium.remote.codec.w3c.W3CHttpResponseCodec.createException(W3CHttpResponseCodec.java:200)
	at org.openqa.selenium.remote.codec.w3c.W3CHttpResponseCodec.decode(W3CHttpResponseCodec.java:133)
	at org.openqa.selenium.remote.codec.w3c.W3CHttpResponseCodec.decode(W3CHttpResponseCodec.java:53)
	at org.openqa.selenium.remote.HttpCommandExecutor.execute(HttpCommandExecutor.java:184)
	at org.openqa.selenium.remote.service.DriverCommandExecutor.invokeExecute(DriverCommandExecutor.java:167)
	at org.openqa.selenium.remote.service.DriverCommandExecutor.execute(DriverCommandExecutor.java:142)
	at org.openqa.selenium.remote.RemoteWebDriver.execute(RemoteWebDriver.java:569)
	at org.openqa.selenium.remote.ElementLocation$ElementFinder$2.findElement(ElementLocation.java:162)
	at org.openqa.selenium.remote.ElementLocation.findElement(ElementLocation.java:60)
	at org.openqa.selenium.remote.RemoteWebDriver.findElement(RemoteWebDriver.java:387)
	at org.openqa.selenium.remote.RemoteWebDriver.findElement(RemoteWebDriver.java:379)
	at com.pages.DownloadAssetInformationPage.goToParticularAsset(DownloadAssetInformationPage.java:42)
	at stepdefinitions.DownloadAssetInfoSteps.go_to_particualr_asset(DownloadAssetInfoSteps.java:17)
	at ✽.Go to particualr asset "Premium Plaza"(file:///home/uttham-vlit/Desktop/BB2-RealPage/src/test/resources/PositiveFlowFeature/3_DownloadAssetInfo.feature:4)
</textarea>
      
      </div>
                  </div>
                  <div class="step skip-bg">
                    <span>When CLick on download button and select the format "Pdf" "Overview,Valuations,Loans,Tenants"</span>
      <div>Step skipped
      </div>
                  </div>
                  <div class="step skip-bg">
                    <span>Then CHeck the downloaded file</span>
      <div>Step skipped
      </div>
                  </div>
                  <div class="step pass-bg">
                    <span>apphooks.ApplicationHooks.tearDown(io.cucumber.java.Scenario)</span>
      <div>Download_Asset_Info
          <div class="row mb-3"><div class="col-md-3">
    <img data-featherlight='../embedded4.png' src="../embedded4.png">
    
    </div></div>
</div>
      <div>
      </div>
                  </div>
              </div>
            </div>
        </div>
  </div>
</div>
          </div>
        </li>
        <li class="test-item"  status="fail" test-id="53"
          author=""
          tag=""
          device="">
          <div class="test-detail">
            <p class="name">validate RealPage</p>
            <p class="text-sm">
              <span>18:47:04 PM</span> / <span>00:01:05:656</span>
              <span class="badge fail-bg log float-right">Fail</span>
            </p>
          </div>
          <div class="test-contents d-none">
<div class="detail-head">
<div class="p-v-10">
<div class="info">
<h5 class="test-status text-fail">validate RealPage</h5>
<span class='badge badge-success'>10.26.2022 18:47:04</span>
<span class='badge badge-danger'>10.26.2022 18:48:09</span>
<span class='badge badge-default'>00:01:05:656</span>
&middot; <span class='uri-anchor badge badge-default'>#test-id=53</span>
</div>
<div class="m-t-10 m-l-5"></div>
</div>
</div>
<div class="accordion mt-4">
  <div class="card">
    <div class="card-header" role="tab">
      <div class="card-title">
        <div class="node" id="54"><span class="badge log fail-bg mr-2">Fail</span>Import AssetFile</div>
          <div class="status-avatar float-right mr-4">
            <i class="fa fa-paperclip"></i>
          </div>
      </div>
    </div>
        <div class="scenario_outline ">
            <div class="card-body l1">
              <div class="card-header">
                <div class="card-title outline-child">
                  <div class="node" id="55"><span class="badge log fail-bg mr-2">Fail</span>Import AssetFile</div>
                    <div class="status-avatar float-right">
                      <i class="fa fa-paperclip"></i>
                    </div>
                </div>
              </div>
              <div class="card-body mt-3 ">
                  <div class="step fail-bg">
                    <span>Given user click on Asset "Premium Plaza"</span>
      <div>
        <textarea disabled class="code-block">org.openqa.selenium.NoSuchElementException: no such element: Unable to locate element: {"method":"xpath","selector":"//img[@title='Premium Plaza']"}
  (Session info: headless chrome=103.0.5060.53)
For documentation on this error, please visit: https://selenium.dev/exceptions/#no_such_element
Build info: version: '4.3.0', revision: 'a4995e2c09*'
System info: host: 'utthamvlit-Latitude-5580', ip: '127.0.1.1', os.name: 'Linux', os.arch: 'amd64', os.version: '5.15.0-48-generic', java.version: '11.0.16'
Driver info: org.openqa.selenium.chrome.ChromeDriver
Command: [c44a0fb1a28aafbeb8c8a7e2f0a8ec61, findElement {using=xpath, value=//img[@title='Premium Plaza']}]
Capabilities {acceptInsecureCerts: false, browserName: chrome, browserVersion: 103.0.5060.53, chrome: {chromedriverVersion: 103.0.5060.134 (8ec6fce403b..., userDataDir: /tmp/.com.google.Chrome.bMualM}, goog:chromeOptions: {debuggerAddress: localhost:39437}, networkConnectionEnabled: false, pageLoadStrategy: normal, platformName: LINUX, proxy: Proxy(), se:cdp: ws://localhost:39437/devtoo..., se:cdpVersion: 103.0.5060.53, setWindowRect: true, strictFileInteractability: false, timeouts: {implicit: 0, pageLoad: 300000, script: 30000}, unhandledPromptBehavior: dismiss and notify, webauthn:extension:credBlob: true, webauthn:extension:largeBlob: true, webauthn:virtualAuthenticators: true}
Session ID: c44a0fb1a28aafbeb8c8a7e2f0a8ec61
	at java.base/jdk.internal.reflect.NativeConstructorAccessorImpl.newInstance0(Native Method)
	at java.base/jdk.internal.reflect.NativeConstructorAccessorImpl.newInstance(NativeConstructorAccessorImpl.java:62)
	at java.base/jdk.internal.reflect.DelegatingConstructorAccessorImpl.newInstance(DelegatingConstructorAccessorImpl.java:45)
	at java.base/java.lang.reflect.Constructor.newInstance(Constructor.java:490)
	at org.openqa.selenium.remote.codec.w3c.W3CHttpResponseCodec.createException(W3CHttpResponseCodec.java:200)
	at org.openqa.selenium.remote.codec.w3c.W3CHttpResponseCodec.decode(W3CHttpResponseCodec.java:133)
	at org.openqa.selenium.remote.codec.w3c.W3CHttpResponseCodec.decode(W3CHttpResponseCodec.java:53)
	at org.openqa.selenium.remote.HttpCommandExecutor.execute(HttpCommandExecutor.java:184)
	at org.openqa.selenium.remote.service.DriverCommandExecutor.invokeExecute(DriverCommandExecutor.java:167)
	at org.openqa.selenium.remote.service.DriverCommandExecutor.execute(DriverCommandExecutor.java:142)
	at org.openqa.selenium.remote.RemoteWebDriver.execute(RemoteWebDriver.java:569)
	at org.openqa.selenium.remote.ElementLocation$ElementFinder$2.findElement(ElementLocation.java:162)
	at org.openqa.selenium.remote.ElementLocation.findElement(ElementLocation.java:60)
	at org.openqa.selenium.remote.RemoteWebDriver.findElement(RemoteWebDriver.java:387)
	at org.openqa.selenium.remote.RemoteWebDriver.findElement(RemoteWebDriver.java:379)
	at com.pages.DownloadAssetInformationPage.goToParticularAsset(DownloadAssetInformationPage.java:42)
	at stepdefinitions.FIleImportSteps.user_click_on_asset(FIleImportSteps.java:18)
	at ✽.user click on Asset "Premium Plaza"(file:///home/uttham-vlit/Desktop/BB2-RealPage/src/test/resources/PositiveFlowFeature/41_FIleImports.feature:4)
</textarea>
      
      </div>
                  </div>
                  <div class="step skip-bg">
                    <span>When click on import loan "/home/uttham-vlit/Music/file imports/Premium_03-22/Premium_Loans.xlsx" "Excel Sheet validated successfully" "Loans imported Successfully" "Wells Fargo Credit Line,Bank Of America,Citi Bank Refinance"</span>
      <div>Step skipped
      </div>
                  </div>
                  <div class="step skip-bg">
                    <span>And click on import Tenants "/home/uttham-vlit/Music/file imports/Premium_03-22/Premium_Tenant.xlsx" "Excel Sheet Validated Successfully" "Tenants imported Successfully" "Starbucks Retail,Starbucks Dark Store,Trader Joe" "" "" "" ""</span>
      <div>Step skipped
      </div>
                  </div>
                  <div class="step pass-bg">
                    <span>apphooks.ApplicationHooks.tearDown(io.cucumber.java.Scenario)</span>
      <div>Import_AssetFile
          <div class="row mb-3"><div class="col-md-3">
    <img data-featherlight='../embedded5.png' src="../embedded5.png">
    
    </div></div>
</div>
      <div>
      </div>
                  </div>
              </div>
            </div>
        </div>
  </div>
</div>
          </div>
        </li>
        <li class="test-item"  status="pass" test-id="63"
          author=""
          tag=""
          device="">
          <div class="test-detail">
            <p class="name">feature to see Create Loan</p>
            <p class="text-sm">
              <span>18:48:09 PM</span> / <span>00:00:17:583</span>
              <span class="badge pass-bg log float-right">Pass</span>
            </p>
          </div>
          <div class="test-contents d-none">
<div class="detail-head">
<div class="p-v-10">
<div class="info">
<h5 class="test-status text-pass">feature to see Create Loan</h5>
<span class='badge badge-success'>10.26.2022 18:48:09</span>
<span class='badge badge-danger'>10.26.2022 18:48:27</span>
<span class='badge badge-default'>00:00:17:583</span>
&middot; <span class='uri-anchor badge badge-default'>#test-id=63</span>
</div>
<div class="m-t-10 m-l-5"></div>
</div>
</div>
<div class="accordion mt-4">
  <div class="card">
    <div class="card-header" role="tab">
      <div class="card-title">
        <div class="node" id="64"><span class="badge log pass-bg mr-2">Pass</span>create new Loan</div>
      </div>
    </div>
        <div class="scenario_outline collapse">
            <div class="card-body l1">
              <div class="card-header">
                <div class="card-title outline-child">
                  <div class="node" id="65"><span class="badge log pass-bg mr-2">Pass</span>create new Loan</div>
                </div>
              </div>
              <div class="card-body mt-3 collapse">
                  <div class="step pass-bg">
                    <span>Given Go To LoansPage "Selenium Testa"</span>
      <div>
      </div>
                  </div>
                  <div class="step pass-bg">
                    <span>When Create New Loan "Test00012" "Test Loan Fixed" "HSBC" "12323" "Senior" "1st" "Active" "10000000" "6500000" "08/01/2021" "08/01/2031" "Fixed" "3" "360/360" "" "Interest Only" "08/01/2023" "15" "360/360" "12"</span>
      <div>
      </div>
                  </div>
                  <div class="step pass-bg">
                    <span>And Click On Add Loan Button</span>
      <div>
      </div>
                  </div>
                  <div class="step pass-bg">
                    <span>Then Verify Loan Is Created "Successfully Created Loan" "Test Loan Fixed"</span>
      <div>
      </div>
                  </div>
              </div>
            </div>
        </div>
  </div>
</div>
          </div>
        </li>
        <li class="test-item"  status="pass" test-id="74"
          author=""
          tag=""
          device="">
          <div class="test-detail">
            <p class="name">DataSource Tab</p>
            <p class="text-sm">
              <span>18:48:27 PM</span> / <span>00:00:08:578</span>
              <span class="badge pass-bg log float-right">Pass</span>
            </p>
          </div>
          <div class="test-contents d-none">
<div class="detail-head">
<div class="p-v-10">
<div class="info">
<h5 class="test-status text-pass">DataSource Tab</h5>
<span class='badge badge-success'>10.26.2022 18:48:27</span>
<span class='badge badge-danger'>10.26.2022 18:48:35</span>
<span class='badge badge-default'>00:00:08:578</span>
&middot; <span class='uri-anchor badge badge-default'>#test-id=74</span>
</div>
<div class="m-t-10 m-l-5"></div>
</div>
</div>
<div class="accordion mt-4">
  <div class="card">
    <div class="card-header" role="tab">
      <div class="card-title">
        <div class="node" id="75"><span class="badge log pass-bg mr-2">Pass</span>DataSource Tab Scenario</div>
      </div>
    </div>
        <div class="collapse">
          <div class="card-body">
              <div class="step pass-bg" title="stepdefinitions.DataSourceSteps.click_on_data_source_tab()">
                <span>Given Click on DataSource Tab</span>
      <div>
      </div>
              </div>
              <div class="step pass-bg" title="stepdefinitions.DataSourceSteps.c_lick_on_add_new_data_source()">
                <span>When CLick on Add New Data Source</span>
      <div>
      </div>
              </div>
              <div class="step pass-bg" title="stepdefinitions.DataSourceSteps.verify_them()">
                <span>Then Verify Them</span>
      <div>
      </div>
              </div>
          </div>
        </div>
  </div>
</div>
          </div>
        </li>
        <li class="test-item"  status="pass" test-id="83"
          author=""
          tag=""
          device="">
          <div class="test-detail">
            <p class="name">feature to see OverviewTab Calculations</p>
            <p class="text-sm">
              <span>18:48:36 PM</span> / <span>00:00:21:086</span>
              <span class="badge pass-bg log float-right">Pass</span>
            </p>
          </div>
          <div class="test-contents d-none">
<div class="detail-head">
<div class="p-v-10">
<div class="info">
<h5 class="test-status text-pass">feature to see OverviewTab Calculations</h5>
<span class='badge badge-success'>10.26.2022 18:48:36</span>
<span class='badge badge-danger'>10.26.2022 18:48:57</span>
<span class='badge badge-default'>00:00:21:086</span>
&middot; <span class='uri-anchor badge badge-default'>#test-id=83</span>
</div>
<div class="m-t-10 m-l-5"></div>
</div>
</div>
<div class="accordion mt-4">
  <div class="card">
    <div class="card-header" role="tab">
      <div class="card-title">
        <div class="node" id="84"><span class="badge log pass-bg mr-2">Pass</span>OverviewTab Calculations</div>
      </div>
    </div>
        <div class="scenario_outline collapse">
            <div class="card-body l1">
              <div class="card-header">
                <div class="card-title outline-child">
                  <div class="node" id="85"><span class="badge log pass-bg mr-2">Pass</span>OverviewTab Calculations</div>
                </div>
              </div>
              <div class="card-body mt-3 collapse">
                  <div class="step pass-bg">
                    <span>Given Go To Asset Page For DSCR "Selenium Testa"</span>
      <div>
      </div>
                  </div>
                  <div class="step pass-bg">
                    <span>When Verify DSCR and Occupancy</span>
      <div>
      </div>
                  </div>
                  <div class="step pass-bg">
                    <span>Then validate DSCR and Occupancy</span>
      <div>
      </div>
                  </div>
              </div>
            </div>
        </div>
  </div>
</div>
          </div>
        </li>
        <li class="test-item"  status="fail" test-id="93"
          author=""
          tag=""
          device="">
          <div class="test-detail">
            <p class="name">Tenant Portfolio Feature</p>
            <p class="text-sm">
              <span>18:48:57 PM</span> / <span>00:02:12:419</span>
              <span class="badge fail-bg log float-right">Fail</span>
            </p>
          </div>
          <div class="test-contents d-none">
<div class="detail-head">
<div class="p-v-10">
<div class="info">
<h5 class="test-status text-fail">Tenant Portfolio Feature</h5>
<span class='badge badge-success'>10.26.2022 18:48:57</span>
<span class='badge badge-danger'>10.26.2022 18:51:09</span>
<span class='badge badge-default'>00:02:12:419</span>
&middot; <span class='uri-anchor badge badge-default'>#test-id=93</span>
</div>
<div class="m-t-10 m-l-5"></div>
</div>
</div>
<div class="accordion mt-4">
  <div class="card">
    <div class="card-header" role="tab">
      <div class="card-title">
        <div class="node" id="94"><span class="badge log fail-bg mr-2">Fail</span>Tenant Portfolio Scenario</div>
          <div class="status-avatar float-right mr-4">
            <i class="fa fa-paperclip"></i>
          </div>
      </div>
    </div>
        <div class="scenario_outline ">
            <div class="card-body l1">
              <div class="card-header">
                <div class="card-title outline-child">
                  <div class="node" id="95"><span class="badge log fail-bg mr-2">Fail</span>Tenant Portfolio Scenario</div>
                    <div class="status-avatar float-right">
                      <i class="fa fa-paperclip"></i>
                    </div>
                </div>
              </div>
              <div class="card-body mt-3 ">
                  <div class="step fail-bg">
                    <span>Given Go to portfolio and pick a portfolio "Portfolio A"</span>
      <div>
        <textarea disabled class="code-block">org.openqa.selenium.NoSuchElementException: no such element: Unable to locate element: {"method":"xpath","selector":"//button[text()='Unit Types ']"}
  (Session info: headless chrome=103.0.5060.53)
For documentation on this error, please visit: https://selenium.dev/exceptions/#no_such_element
Build info: version: '4.3.0', revision: 'a4995e2c09*'
System info: host: 'utthamvlit-Latitude-5580', ip: '127.0.1.1', os.name: 'Linux', os.arch: 'amd64', os.version: '5.15.0-48-generic', java.version: '11.0.16'
Driver info: org.openqa.selenium.chrome.ChromeDriver
Command: [850556100769401697150de356f94b91, findElement {using=xpath, value=//button[text()='Unit Types ']}]
Capabilities {acceptInsecureCerts: false, browserName: chrome, browserVersion: 103.0.5060.53, chrome: {chromedriverVersion: 103.0.5060.134 (8ec6fce403b..., userDataDir: /tmp/.com.google.Chrome.nL92rG}, goog:chromeOptions: {debuggerAddress: localhost:35189}, networkConnectionEnabled: false, pageLoadStrategy: normal, platformName: LINUX, proxy: Proxy(), se:cdp: ws://localhost:35189/devtoo..., se:cdpVersion: 103.0.5060.53, setWindowRect: true, strictFileInteractability: false, timeouts: {implicit: 0, pageLoad: 300000, script: 30000}, unhandledPromptBehavior: dismiss and notify, webauthn:extension:credBlob: true, webauthn:extension:largeBlob: true, webauthn:virtualAuthenticators: true}
Session ID: 850556100769401697150de356f94b91
	at java.base/jdk.internal.reflect.NativeConstructorAccessorImpl.newInstance0(Native Method)
	at java.base/jdk.internal.reflect.NativeConstructorAccessorImpl.newInstance(NativeConstructorAccessorImpl.java:62)
	at java.base/jdk.internal.reflect.DelegatingConstructorAccessorImpl.newInstance(DelegatingConstructorAccessorImpl.java:45)
	at java.base/java.lang.reflect.Constructor.newInstance(Constructor.java:490)
	at org.openqa.selenium.remote.codec.w3c.W3CHttpResponseCodec.createException(W3CHttpResponseCodec.java:200)
	at org.openqa.selenium.remote.codec.w3c.W3CHttpResponseCodec.decode(W3CHttpResponseCodec.java:133)
	at org.openqa.selenium.remote.codec.w3c.W3CHttpResponseCodec.decode(W3CHttpResponseCodec.java:53)
	at org.openqa.selenium.remote.HttpCommandExecutor.execute(HttpCommandExecutor.java:184)
	at org.openqa.selenium.remote.service.DriverCommandExecutor.invokeExecute(DriverCommandExecutor.java:167)
	at org.openqa.selenium.remote.service.DriverCommandExecutor.execute(DriverCommandExecutor.java:142)
	at org.openqa.selenium.remote.RemoteWebDriver.execute(RemoteWebDriver.java:569)
	at org.openqa.selenium.remote.ElementLocation$ElementFinder$2.findElement(ElementLocation.java:162)
	at org.openqa.selenium.remote.ElementLocation.findElement(ElementLocation.java:60)
	at org.openqa.selenium.remote.RemoteWebDriver.findElement(RemoteWebDriver.java:387)
	at org.openqa.selenium.remote.RemoteWebDriver.findElement(RemoteWebDriver.java:379)
	at com.pages.TenantsPortfolioPage.tenantsCountinPortfolio(TenantsPortfolioPage.java:146)
	at stepdefinitions.TenantsPortfolioSteps.go_to_portfolio_and_pick_a_portfolio(TenantsPortfolioSteps.java:23)
	at ✽.Go to portfolio and pick a portfolio "Portfolio A"(file:///home/uttham-vlit/Desktop/BB2-RealPage/src/test/resources/PositiveFlowFeature/91_TenantsPortfolio.feature:4)
</textarea>
      
      </div>
                  </div>
                  <div class="step skip-bg">
                    <span>When Go to properties for assets present in the portfolio under the tenants</span>
      <div>Step skipped
      </div>
                  </div>
                  <div class="step skip-bg">
                    <span>Then verify the tenants are updated in the portfolios "Portfolio A"</span>
      <div>Step skipped
      </div>
                  </div>
                  <div class="step pass-bg">
                    <span>apphooks.ApplicationHooks.tearDown(io.cucumber.java.Scenario)</span>
      <div>Tenant_Portfolio_Scenario
          <div class="row mb-3"><div class="col-md-3">
    <img data-featherlight='../embedded6.png' src="../embedded6.png">
    
    </div></div>
</div>
      <div>
      </div>
                  </div>
              </div>
            </div>
        </div>
  </div>
</div>
          </div>
        </li>
        <li class="test-item"  status="pass" test-id="103"
          author=""
          tag=""
          device="">
          <div class="test-detail">
            <p class="name">Overview Feature in Portfolio</p>
            <p class="text-sm">
              <span>18:51:09 PM</span> / <span>00:00:08:355</span>
              <span class="badge pass-bg log float-right">Pass</span>
            </p>
          </div>
          <div class="test-contents d-none">
<div class="detail-head">
<div class="p-v-10">
<div class="info">
<h5 class="test-status text-pass">Overview Feature in Portfolio</h5>
<span class='badge badge-success'>10.26.2022 18:51:09</span>
<span class='badge badge-danger'>10.26.2022 18:51:17</span>
<span class='badge badge-default'>00:00:08:355</span>
&middot; <span class='uri-anchor badge badge-default'>#test-id=103</span>
</div>
<div class="m-t-10 m-l-5"></div>
</div>
</div>
<div class="accordion mt-4">
  <div class="card">
    <div class="card-header" role="tab">
      <div class="card-title">
        <div class="node" id="104"><span class="badge log pass-bg mr-2">Pass</span>Scenario to test the fields in Overview Tab for a specifiv Portfolio</div>
      </div>
    </div>
        <div class="scenario_outline collapse">
            <div class="card-body l1">
              <div class="card-header">
                <div class="card-title outline-child">
                  <div class="node" id="105"><span class="badge log pass-bg mr-2">Pass</span>Scenario to test the fields in Overview Tab for a specifiv Portfolio</div>
                </div>
              </div>
              <div class="card-body mt-3 collapse">
                  <div class="step pass-bg">
                    <span>Given Go to a Specific Portfolio "Portfolio B"</span>
      <div>
      </div>
                  </div>
                  <div class="step pass-bg">
                    <span>When Get the Data present in portfolio tab</span>
      <div>
      </div>
                  </div>
                  <div class="step pass-bg">
                    <span>And Calculate the values</span>
      <div>
      </div>
                  </div>
                  <div class="step pass-bg">
                    <span>Then compare the metrics</span>
      <div>
      </div>
                  </div>
              </div>
            </div>
        </div>
  </div>
</div>
          </div>
        </li>
        <li class="test-item"  status="fail" test-id="114"
          author=""
          tag=""
          device="">
          <div class="test-detail">
            <p class="name">Reassign the portfolio feature</p>
            <p class="text-sm">
              <span>18:51:17 PM</span> / <span>00:01:07:084</span>
              <span class="badge fail-bg log float-right">Fail</span>
            </p>
          </div>
          <div class="test-contents d-none">
<div class="detail-head">
<div class="p-v-10">
<div class="info">
<h5 class="test-status text-fail">Reassign the portfolio feature</h5>
<span class='badge badge-success'>10.26.2022 18:51:17</span>
<span class='badge badge-danger'>10.26.2022 18:52:25</span>
<span class='badge badge-default'>00:01:07:084</span>
&middot; <span class='uri-anchor badge badge-default'>#test-id=114</span>
</div>
<div class="m-t-10 m-l-5"></div>
</div>
</div>
<div class="accordion mt-4">
  <div class="card">
    <div class="card-header" role="tab">
      <div class="card-title">
        <div class="node" id="115"><span class="badge log fail-bg mr-2">Fail</span>Reassign Scenerio for Portfolio</div>
          <div class="status-avatar float-right mr-4">
            <i class="fa fa-paperclip"></i>
          </div>
      </div>
    </div>
        <div class="scenario_outline ">
            <div class="card-body l1">
              <div class="card-header">
                <div class="card-title outline-child">
                  <div class="node" id="116"><span class="badge log fail-bg mr-2">Fail</span>Reassign Scenerio for Portfolio</div>
                    <div class="status-avatar float-right">
                      <i class="fa fa-paperclip"></i>
                    </div>
                </div>
              </div>
              <div class="card-body mt-3 ">
                  <div class="step pass-bg">
                    <span>Given Go to portfolios tab</span>
      <div>
      </div>
                  </div>
                  <div class="step pass-bg">
                    <span>When Select a portfolio to reassign "Portfolio S"</span>
      <div>
      </div>
                  </div>
                  <div class="step pass-bg">
                    <span>And reassign the asset to different portfolio "Selenium Testa" "Portfolio A"</span>
      <div>
      </div>
                  </div>
                  <div class="step fail-bg">
                    <span>Then check whether the assets are reasigned or not "Portfolio A" "Selenium Testa"</span>
      <div>
        <textarea disabled class="code-block">org.openqa.selenium.StaleElementReferenceException: stale element reference: element is not attached to the page document
  (Session info: headless chrome=103.0.5060.53)
For documentation on this error, please visit: https://selenium.dev/exceptions/#stale_element_reference
Build info: version: '4.3.0', revision: 'a4995e2c09*'
System info: host: 'utthamvlit-Latitude-5580', ip: '127.0.1.1', os.name: 'Linux', os.arch: 'amd64', os.version: '5.15.0-48-generic', java.version: '11.0.16'
Driver info: org.openqa.selenium.chrome.ChromeDriver
Command: [6c04e1d00348e59c367297a0768cc061, clickElement {id=9de4f95b-6afb-4271-8056-259eca14501c}]
Capabilities {acceptInsecureCerts: false, browserName: chrome, browserVersion: 103.0.5060.53, chrome: {chromedriverVersion: 103.0.5060.134 (8ec6fce403b..., userDataDir: /tmp/.com.google.Chrome.IrVezE}, goog:chromeOptions: {debuggerAddress: localhost:38127}, networkConnectionEnabled: false, pageLoadStrategy: normal, platformName: LINUX, proxy: Proxy(), se:cdp: ws://localhost:38127/devtoo..., se:cdpVersion: 103.0.5060.53, setWindowRect: true, strictFileInteractability: false, timeouts: {implicit: 0, pageLoad: 300000, script: 30000}, unhandledPromptBehavior: dismiss and notify, webauthn:extension:credBlob: true, webauthn:extension:largeBlob: true, webauthn:virtualAuthenticators: true}
Element: [[ChromeDriver: chrome on LINUX (6c04e1d00348e59c367297a0768cc061)] -> xpath: //a[text()='Portfolio A']]
Session ID: 6c04e1d00348e59c367297a0768cc061
	at java.base/jdk.internal.reflect.NativeConstructorAccessorImpl.newInstance0(Native Method)
	at java.base/jdk.internal.reflect.NativeConstructorAccessorImpl.newInstance(NativeConstructorAccessorImpl.java:62)
	at java.base/jdk.internal.reflect.DelegatingConstructorAccessorImpl.newInstance(DelegatingConstructorAccessorImpl.java:45)
	at java.base/java.lang.reflect.Constructor.newInstance(Constructor.java:490)
	at org.openqa.selenium.remote.codec.w3c.W3CHttpResponseCodec.createException(W3CHttpResponseCodec.java:200)
	at org.openqa.selenium.remote.codec.w3c.W3CHttpResponseCodec.decode(W3CHttpResponseCodec.java:133)
	at org.openqa.selenium.remote.codec.w3c.W3CHttpResponseCodec.decode(W3CHttpResponseCodec.java:53)
	at org.openqa.selenium.remote.HttpCommandExecutor.execute(HttpCommandExecutor.java:184)
	at org.openqa.selenium.remote.service.DriverCommandExecutor.invokeExecute(DriverCommandExecutor.java:167)
	at org.openqa.selenium.remote.service.DriverCommandExecutor.execute(DriverCommandExecutor.java:142)
	at org.openqa.selenium.remote.RemoteWebDriver.execute(RemoteWebDriver.java:569)
	at org.openqa.selenium.remote.RemoteWebElement.execute(RemoteWebElement.java:257)
	at org.openqa.selenium.remote.RemoteWebElement.click(RemoteWebElement.java:78)
	at com.pages.AssetPortfolioPage.gotoParticularPortfolio(AssetPortfolioPage.java:60)
	at stepdefinitions.ReassignPortfolioSteps.check_whether_the_assets_are_reasigned_or_not(ReassignPortfolioSteps.java:39)
	at ✽.check whether the assets are reasigned or not "Portfolio A" "Selenium Testa"(file:///home/uttham-vlit/Desktop/BB2-RealPage/src/test/resources/PositiveFlowFeature/93_ReassignPortfolio.feature:8)
</textarea>
      
      </div>
                  </div>
                  <div class="step pass-bg">
                    <span>apphooks.ApplicationHooks.tearDown(io.cucumber.java.Scenario)</span>
      <div>Reassign_Scenerio_for_Portfolio
          <div class="row mb-3"><div class="col-md-3">
    <img data-featherlight='../embedded7.png' src="../embedded7.png">
    
    </div></div>
</div>
      <div>
      </div>
                  </div>
              </div>
            </div>
        </div>
  </div>
</div>
          </div>
        </li>
        <li class="test-item"  status="fail" test-id="125"
          author=""
          tag=""
          device="">
          <div class="test-detail">
            <p class="name">Add a new Scenario</p>
            <p class="text-sm">
              <span>18:52:25 PM</span> / <span>00:00:14:370</span>
              <span class="badge fail-bg log float-right">Fail</span>
            </p>
          </div>
          <div class="test-contents d-none">
<div class="detail-head">
<div class="p-v-10">
<div class="info">
<h5 class="test-status text-fail">Add a new Scenario</h5>
<span class='badge badge-success'>10.26.2022 18:52:25</span>
<span class='badge badge-danger'>10.26.2022 18:52:39</span>
<span class='badge badge-default'>00:00:14:370</span>
&middot; <span class='uri-anchor badge badge-default'>#test-id=125</span>
</div>
<div class="m-t-10 m-l-5"></div>
</div>
</div>
<div class="accordion mt-4">
  <div class="card">
    <div class="card-header" role="tab">
      <div class="card-title">
        <div class="node" id="126"><span class="badge log fail-bg mr-2">Fail</span>To create a new Scenario</div>
          <div class="status-avatar float-right mr-4">
            <i class="fa fa-paperclip"></i>
          </div>
      </div>
    </div>
        <div class="scenario_outline ">
            <div class="card-body l1">
              <div class="card-header">
                <div class="card-title outline-child">
                  <div class="node" id="127"><span class="badge log fail-bg mr-2">Fail</span>To create a new Scenario</div>
                    <div class="status-avatar float-right">
                      <i class="fa fa-paperclip"></i>
                    </div>
                </div>
              </div>
              <div class="card-body mt-3 ">
                  <div class="step pass-bg">
                    <span>Given Go to a particular asset "Selenium Testa"</span>
      <div>
      </div>
                  </div>
                  <div class="step pass-bg">
                    <span>When Go to Details Tab and click on View Scenriao</span>
      <div>
      </div>
                  </div>
                  <div class="step fail-bg">
                    <span>And Click add Scenerio and give the details "Sel Test1" "yes" "Valuations,Loans,Tenants" "notes" "/home/uttham-vlit/Downloads/SingleAsset_Upload_With_EffectiveDate/SingleAsset_Upload_With_EffectiveDate/SkyView/410SkyView_30-06-2022/Cashflows_30-06-2022.xlsx" "/home/uttham-vlit/Downloads/SingleAsset_Upload_With_EffectiveDate/SingleAsset_Upload_With_EffectiveDate/SkyView/410SkyView_30-06-2022/4Loans_30-06-2022.xlsx" "/home/uttham-vlit/Downloads/SingleAsset_Upload_With_EffectiveDate/SingleAsset_Upload_With_EffectiveDate/SkyView/410SkyView_30-06-2022/10Tenants_30-06-2022.xlsx"</span>
      <div>
        <textarea disabled class="code-block">org.openqa.selenium.ElementClickInterceptedException: element click intercepted: Element <button _ngcontent-pdv-c191="" type="button" class="btn btn-primary rounded-pill" disabled="">...</button> is not clickable at point (1325, 764). Other element would receive the click: <div _ngcontent-pdv-c191="" class="offcanvas-footer justify-content-end">...</div>
  (Session info: headless chrome=103.0.5060.53)
Build info: version: '4.3.0', revision: 'a4995e2c09*'
System info: host: 'utthamvlit-Latitude-5580', ip: '127.0.1.1', os.name: 'Linux', os.arch: 'amd64', os.version: '5.15.0-48-generic', java.version: '11.0.16'
Driver info: org.openqa.selenium.chrome.ChromeDriver
Command: [31f6fd44bbafd16b3024919df7c8818d, clickElement {id=7593c822-487e-4320-a1fb-1959ee6cd668}]
Capabilities {acceptInsecureCerts: false, browserName: chrome, browserVersion: 103.0.5060.53, chrome: {chromedriverVersion: 103.0.5060.134 (8ec6fce403b..., userDataDir: /tmp/.com.google.Chrome.TiaCV2}, goog:chromeOptions: {debuggerAddress: localhost:37825}, networkConnectionEnabled: false, pageLoadStrategy: normal, platformName: LINUX, proxy: Proxy(), se:cdp: ws://localhost:37825/devtoo..., se:cdpVersion: 103.0.5060.53, setWindowRect: true, strictFileInteractability: false, timeouts: {implicit: 0, pageLoad: 300000, script: 30000}, unhandledPromptBehavior: dismiss and notify, webauthn:extension:credBlob: true, webauthn:extension:largeBlob: true, webauthn:virtualAuthenticators: true}
Element: [[ChromeDriver: chrome on LINUX (31f6fd44bbafd16b3024919df7c8818d)] -> xpath: //button[text()='Add Scenario']]
Session ID: 31f6fd44bbafd16b3024919df7c8818d
	at java.base/jdk.internal.reflect.NativeConstructorAccessorImpl.newInstance0(Native Method)
	at java.base/jdk.internal.reflect.NativeConstructorAccessorImpl.newInstance(NativeConstructorAccessorImpl.java:62)
	at java.base/jdk.internal.reflect.DelegatingConstructorAccessorImpl.newInstance(DelegatingConstructorAccessorImpl.java:45)
	at java.base/java.lang.reflect.Constructor.newInstance(Constructor.java:490)
	at org.openqa.selenium.remote.codec.w3c.W3CHttpResponseCodec.createException(W3CHttpResponseCodec.java:200)
	at org.openqa.selenium.remote.codec.w3c.W3CHttpResponseCodec.decode(W3CHttpResponseCodec.java:133)
	at org.openqa.selenium.remote.codec.w3c.W3CHttpResponseCodec.decode(W3CHttpResponseCodec.java:53)
	at org.openqa.selenium.remote.HttpCommandExecutor.execute(HttpCommandExecutor.java:184)
	at org.openqa.selenium.remote.service.DriverCommandExecutor.invokeExecute(DriverCommandExecutor.java:167)
	at org.openqa.selenium.remote.service.DriverCommandExecutor.execute(DriverCommandExecutor.java:142)
	at org.openqa.selenium.remote.RemoteWebDriver.execute(RemoteWebDriver.java:569)
	at org.openqa.selenium.remote.RemoteWebElement.execute(RemoteWebElement.java:257)
	at org.openqa.selenium.remote.RemoteWebElement.click(RemoteWebElement.java:78)
	at com.pages.AddScenerioPage.enterDetails(AddScenerioPage.java:55)
	at stepdefinitions.AddScenerioSteps.click_add_scenerio_and_give_the_details_valuations(AddScenerioSteps.java:31)
	at ✽.Click add Scenerio and give the details "Sel Test1" "yes" "Valuations,Loans,Tenants" "notes" "/home/uttham-vlit/Downloads/SingleAsset_Upload_With_EffectiveDate/SingleAsset_Upload_With_EffectiveDate/SkyView/410SkyView_30-06-2022/Cashflows_30-06-2022.xlsx" "/home/uttham-vlit/Downloads/SingleAsset_Upload_With_EffectiveDate/SingleAsset_Upload_With_EffectiveDate/SkyView/410SkyView_30-06-2022/4Loans_30-06-2022.xlsx" "/home/uttham-vlit/Downloads/SingleAsset_Upload_With_EffectiveDate/SingleAsset_Upload_With_EffectiveDate/SkyView/410SkyView_30-06-2022/10Tenants_30-06-2022.xlsx"(file:///home/uttham-vlit/Desktop/BB2-RealPage/src/test/resources/PositiveFlowFeature/94_AddScenarios.feature:7)
</textarea>
      
      </div>
                  </div>
                  <div class="step skip-bg">
                    <span>Then verify the created Scenraio "Sel Test1"</span>
      <div>Step skipped
      </div>
                  </div>
                  <div class="step pass-bg">
                    <span>apphooks.ApplicationHooks.tearDown(io.cucumber.java.Scenario)</span>
      <div>To_create_a_new_Scenario
          <div class="row mb-3"><div class="col-md-3">
    <img data-featherlight='../embedded8.png' src="../embedded8.png">
    
    </div></div>
</div>
      <div>
      </div>
                  </div>
              </div>
            </div>
        </div>
  </div>
</div>
          </div>
        </li>
        <li class="test-item"  status="fail" test-id="136"
          author=""
          tag=""
          device="">
          <div class="test-detail">
            <p class="name">Delete a Lona feature</p>
            <p class="text-sm">
              <span>18:52:39 PM</span> / <span>00:05:11:724</span>
              <span class="badge fail-bg log float-right">Fail</span>
            </p>
          </div>
          <div class="test-contents d-none">
<div class="detail-head">
<div class="p-v-10">
<div class="info">
<h5 class="test-status text-fail">Delete a Lona feature</h5>
<span class='badge badge-success'>10.26.2022 18:52:39</span>
<span class='badge badge-danger'>10.26.2022 18:57:51</span>
<span class='badge badge-default'>00:05:11:724</span>
&middot; <span class='uri-anchor badge badge-default'>#test-id=136</span>
</div>
<div class="m-t-10 m-l-5"></div>
</div>
</div>
<div class="accordion mt-4">
  <div class="card">
    <div class="card-header" role="tab">
      <div class="card-title">
        <div class="node" id="137"><span class="badge log fail-bg mr-2">Fail</span>Scenario to delete a loan</div>
          <div class="status-avatar float-right mr-4">
            <i class="fa fa-paperclip"></i>
          </div>
      </div>
    </div>
        <div class="scenario_outline ">
            <div class="card-body l1">
              <div class="card-header">
                <div class="card-title outline-child">
                  <div class="node" id="138"><span class="badge log fail-bg mr-2">Fail</span>Scenario to delete a loan</div>
                    <div class="status-avatar float-right">
                      <i class="fa fa-paperclip"></i>
                    </div>
                </div>
              </div>
              <div class="card-body mt-3 ">
                  <div class="step pass-bg">
                    <span>Given Go to an asset "Selenium Testa"</span>
      <div>
      </div>
                  </div>
                  <div class="step pass-bg">
                    <span>When go to loans and select a loan to delete "Citi Bank Refinance"</span>
      <div>
      </div>
                  </div>
                  <div class="step fail-bg">
                    <span>Then delet the loan and verify "Successfully Deleted Loan"</span>
      <div>
        <textarea disabled class="code-block">org.openqa.selenium.TimeoutException: java.util.concurrent.TimeoutException
Build info: version: '4.3.0', revision: 'a4995e2c09*'
System info: host: 'utthamvlit-Latitude-5580', ip: '127.0.1.1', os.name: 'Linux', os.arch: 'amd64', os.version: '5.15.0-48-generic', java.version: '11.0.16'
Driver info: org.openqa.selenium.chrome.ChromeDriver
Command: [8a8501202693db5ec3faafbe4262bcea, findElement {using=xpath, value=//div[contains(@class,'toaster')]//p}]
Capabilities {acceptInsecureCerts: false, browserName: chrome, browserVersion: 103.0.5060.53, chrome: {chromedriverVersion: 103.0.5060.134 (8ec6fce403b..., userDataDir: /tmp/.com.google.Chrome.en1LYA}, goog:chromeOptions: {debuggerAddress: localhost:45839}, networkConnectionEnabled: false, pageLoadStrategy: normal, platformName: LINUX, proxy: Proxy(), se:cdp: ws://localhost:45839/devtoo..., se:cdpVersion: 103.0.5060.53, setWindowRect: true, strictFileInteractability: false, timeouts: {implicit: 0, pageLoad: 300000, script: 30000}, unhandledPromptBehavior: dismiss and notify, webauthn:extension:credBlob: true, webauthn:extension:largeBlob: true, webauthn:virtualAuthenticators: true}
Session ID: 8a8501202693db5ec3faafbe4262bcea
	at org.openqa.selenium.remote.http.netty.NettyHttpHandler.makeCall(NettyHttpHandler.java:65)
	at org.openqa.selenium.remote.http.AddSeleniumUserAgent.lambda$apply$0(AddSeleniumUserAgent.java:42)
	at org.openqa.selenium.remote.http.Filter.lambda$andFinally$1(Filter.java:56)
	at org.openqa.selenium.remote.http.netty.NettyHttpHandler.execute(NettyHttpHandler.java:49)
	at org.openqa.selenium.remote.http.AddSeleniumUserAgent.lambda$apply$0(AddSeleniumUserAgent.java:42)
	at org.openqa.selenium.remote.http.Filter.lambda$andFinally$1(Filter.java:56)
	at org.openqa.selenium.remote.http.netty.NettyClient.execute(NettyClient.java:98)
	at org.openqa.selenium.remote.HttpCommandExecutor.execute(HttpCommandExecutor.java:181)
	at org.openqa.selenium.remote.service.DriverCommandExecutor.invokeExecute(DriverCommandExecutor.java:167)
	at org.openqa.selenium.remote.service.DriverCommandExecutor.execute(DriverCommandExecutor.java:142)
	at org.openqa.selenium.remote.RemoteWebDriver.execute(RemoteWebDriver.java:569)
	at org.openqa.selenium.remote.ElementLocation$ElementFinder$2.findElement(ElementLocation.java:162)
	at org.openqa.selenium.remote.ElementLocation.findElement(ElementLocation.java:60)
	at org.openqa.selenium.remote.RemoteWebDriver.findElement(RemoteWebDriver.java:387)
	at org.openqa.selenium.remote.RemoteWebDriver.findElement(RemoteWebDriver.java:379)
	at com.pages.DeleteLoanPage.verify(DeleteLoanPage.java:33)
	at stepdefinitions.DeleteLoanSteps.delet_the_loan_and_verify(DeleteLoanSteps.java:29)
	at ✽.delet the loan and verify "Successfully Deleted Loan"(file:///home/uttham-vlit/Desktop/BB2-RealPage/src/test/resources/PositiveFlowFeature/95DeleteLoan.feature:6)
Caused by: java.util.concurrent.TimeoutException
	at java.base/java.util.concurrent.CompletableFuture.timedGet(CompletableFuture.java:1886)
	at java.base/java.util.concurrent.CompletableFuture.get(CompletableFuture.java:2021)
	at org.asynchttpclient.netty.NettyResponseFuture.get(NettyResponseFuture.java:206)
	at org.openqa.selenium.remote.http.netty.NettyHttpHandler.makeCall(NettyHttpHandler.java:59)
	at org.openqa.selenium.remote.http.AddSeleniumUserAgent.lambda$apply$0(AddSeleniumUserAgent.java:42)
	at org.openqa.selenium.remote.http.Filter.lambda$andFinally$1(Filter.java:56)
	at org.openqa.selenium.remote.http.netty.NettyHttpHandler.execute(NettyHttpHandler.java:49)
	at org.openqa.selenium.remote.http.AddSeleniumUserAgent.lambda$apply$0(AddSeleniumUserAgent.java:42)
	at org.openqa.selenium.remote.http.Filter.lambda$andFinally$1(Filter.java:56)
	at org.openqa.selenium.remote.http.netty.NettyClient.execute(NettyClient.java:98)
	at org.openqa.selenium.remote.HttpCommandExecutor.execute(HttpCommandExecutor.java:181)
	at org.openqa.selenium.remote.service.DriverCommandExecutor.invokeExecute(DriverCommandExecutor.java:167)
	at org.openqa.selenium.remote.service.DriverCommandExecutor.execute(DriverCommandExecutor.java:142)
	at org.openqa.selenium.remote.RemoteWebDriver.execute(RemoteWebDriver.java:569)
	at org.openqa.selenium.remote.ElementLocation$ElementFinder$2.findElement(ElementLocation.java:162)
	at org.openqa.selenium.remote.ElementLocation.findElement(ElementLocation.java:60)
	at org.openqa.selenium.remote.RemoteWebDriver.findElement(RemoteWebDriver.java:387)
	at org.openqa.selenium.remote.RemoteWebDriver.findElement(RemoteWebDriver.java:379)
	at com.pages.DeleteLoanPage.verify(DeleteLoanPage.java:33)
	at stepdefinitions.DeleteLoanSteps.delet_the_loan_and_verify(DeleteLoanSteps.java:29)
	at java.base/jdk.internal.reflect.NativeMethodAccessorImpl.invoke0(Native Method)
	at java.base/jdk.internal.reflect.NativeMethodAccessorImpl.invoke(NativeMethodAccessorImpl.java:62)
	at java.base/jdk.internal.reflect.DelegatingMethodAccessorImpl.invoke(DelegatingMethodAccessorImpl.java:43)
	at java.base/java.lang.reflect.Method.invoke(Method.java:566)
	at io.cucumber.java.Invoker.doInvoke(Invoker.java:66)
	at io.cucumber.java.Invoker.invoke(Invoker.java:24)
	at io.cucumber.java.AbstractGlueDefinition.invokeMethod(AbstractGlueDefinition.java:47)
	at io.cucumber.java.JavaStepDefinition.execute(JavaStepDefinition.java:29)
	at io.cucumber.core.runner.CoreStepDefinition.execute(CoreStepDefinition.java:66)
	at io.cucumber.core.runner.PickleStepDefinitionMatch.runStep(PickleStepDefinitionMatch.java:63)
	at io.cucumber.core.runner.ExecutionMode$1.execute(ExecutionMode.java:10)
	at io.cucumber.core.runner.TestStep.executeStep(TestStep.java:92)
	at io.cucumber.core.runner.TestStep.run(TestStep.java:64)
	at io.cucumber.core.runner.PickleStepTestStep.run(PickleStepTestStep.java:51)
	at io.cucumber.core.runner.TestCase.run(TestCase.java:104)
	at io.cucumber.core.runner.Runner.runPickle(Runner.java:71)
	at io.cucumber.testng.TestNGCucumberRunner.lambda$runScenario$0(TestNGCucumberRunner.java:116)
	at io.cucumber.core.runtime.CucumberExecutionContext.runTestCase(CucumberExecutionContext.java:117)
	at io.cucumber.testng.TestNGCucumberRunner.runScenario(TestNGCucumberRunner.java:113)
	at io.cucumber.testng.AbstractTestNGCucumberTests.runScenario(AbstractTestNGCucumberTests.java:31)
	at java.base/jdk.internal.reflect.NativeMethodAccessorImpl.invoke0(Native Method)
	at java.base/jdk.internal.reflect.NativeMethodAccessorImpl.invoke(NativeMethodAccessorImpl.java:62)
	at java.base/jdk.internal.reflect.DelegatingMethodAccessorImpl.invoke(DelegatingMethodAccessorImpl.java:43)
	at java.base/java.lang.reflect.Method.invoke(Method.java:566)
	at org.testng.internal.MethodInvocationHelper.invokeMethod(MethodInvocationHelper.java:132)
	at org.testng.internal.TestInvoker.invokeMethod(TestInvoker.java:599)
	at org.testng.internal.TestInvoker.invokeTestMethod(TestInvoker.java:174)
	at org.testng.internal.MethodRunner.runInSequence(MethodRunner.java:46)
	at org.testng.internal.TestInvoker$MethodInvocationAgent.invoke(TestInvoker.java:822)
	at org.testng.internal.TestInvoker.invokeTestMethods(TestInvoker.java:147)
	at org.testng.internal.TestMethodWorker.invokeTestMethods(TestMethodWorker.java:146)
	at org.testng.internal.TestMethodWorker.run(TestMethodWorker.java:128)
	at java.base/java.util.ArrayList.forEach(ArrayList.java:1541)
	at org.testng.TestRunner.privateRun(TestRunner.java:764)
	at org.testng.TestRunner.run(TestRunner.java:585)
	at org.testng.SuiteRunner.runTest(SuiteRunner.java:384)
	at org.testng.SuiteRunner.runSequentially(SuiteRunner.java:378)
	at org.testng.SuiteRunner.privateRun(SuiteRunner.java:337)
	at org.testng.SuiteRunner.run(SuiteRunner.java:286)
	at org.testng.SuiteRunnerWorker.runSuite(SuiteRunnerWorker.java:53)
	at org.testng.SuiteRunnerWorker.run(SuiteRunnerWorker.java:96)
	at org.testng.TestNG.runSuitesSequentially(TestNG.java:1218)
	at org.testng.TestNG.runSuitesLocally(TestNG.java:1140)
	at org.testng.TestNG.runSuites(TestNG.java:1069)
	at org.testng.TestNG.run(TestNG.java:1037)
	at com.intellij.rt.testng.IDEARemoteTestNG.run(IDEARemoteTestNG.java:66)
	at com.intellij.rt.testng.RemoteTestNGStarter.main(RemoteTestNGStarter.java:109)
</textarea>
      
      </div>
                  </div>
                  <div class="step pass-bg">
                    <span>apphooks.ApplicationHooks.tearDown(io.cucumber.java.Scenario)</span>
      <div>Scenario_to_delete_a_loan
          <div class="row mb-3"><div class="col-md-3">
    <img data-featherlight='../embedded9.png' src="../embedded9.png">
    
    </div></div>
</div>
      <div>
      </div>
                  </div>
              </div>
            </div>
        </div>
  </div>
</div>
          </div>
        </li>
        <li class="test-item"  status="pass" test-id="146"
          author=""
          tag=""
          device="">
          <div class="test-detail">
            <p class="name">Search Asset in asset Page</p>
            <p class="text-sm">
              <span>18:57:51 PM</span> / <span>00:03:06:309</span>
              <span class="badge pass-bg log float-right">Pass</span>
            </p>
          </div>
          <div class="test-contents d-none">
<div class="detail-head">
<div class="p-v-10">
<div class="info">
<h5 class="test-status text-pass">Search Asset in asset Page</h5>
<span class='badge badge-success'>10.26.2022 18:57:51</span>
<span class='badge badge-danger'>10.26.2022 19:00:57</span>
<span class='badge badge-default'>00:03:06:309</span>
&middot; <span class='uri-anchor badge badge-default'>#test-id=146</span>
</div>
<div class="m-t-10 m-l-5"></div>
</div>
</div>
<div class="accordion mt-4">
  <div class="card">
    <div class="card-header" role="tab">
      <div class="card-title">
        <div class="node" id="147"><span class="badge log pass-bg mr-2">Pass</span>Scenario To Search an Asset</div>
      </div>
    </div>
        <div class="scenario_outline collapse">
            <div class="card-body l1">
              <div class="card-header">
                <div class="card-title outline-child">
                  <div class="node" id="148"><span class="badge log pass-bg mr-2">Pass</span>Scenario To Search an Asset</div>
                </div>
              </div>
              <div class="card-body mt-3 collapse">
                  <div class="step pass-bg">
                    <span>Given Go to assets Page</span>
      <div>
      </div>
                  </div>
                  <div class="step pass-bg">
                    <span>When Take all the assets Data</span>
      <div>
      </div>
                  </div>
                  <div class="step pass-bg">
                    <span>Then enter in search box and check Whether its present or not "pre"</span>
      <div>
      </div>
                  </div>
              </div>
            </div>
        </div>
  </div>
</div>
          </div>
        </li>
        <li class="test-item"  status="pass" test-id="156"
          author=""
          tag=""
          device="">
          <div class="test-detail">
            <p class="name">Loan Portfolio Feature</p>
            <p class="text-sm">
              <span>19:00:57 PM</span> / <span>00:00:13:271</span>
              <span class="badge pass-bg log float-right">Pass</span>
            </p>
          </div>
          <div class="test-contents d-none">
<div class="detail-head">
<div class="p-v-10">
<div class="info">
<h5 class="test-status text-pass">Loan Portfolio Feature</h5>
<span class='badge badge-success'>10.26.2022 19:00:57</span>
<span class='badge badge-danger'>10.26.2022 19:01:10</span>
<span class='badge badge-default'>00:00:13:271</span>
&middot; <span class='uri-anchor badge badge-default'>#test-id=156</span>
</div>
<div class="m-t-10 m-l-5"></div>
</div>
</div>
<div class="accordion mt-4">
  <div class="card">
    <div class="card-header" role="tab">
      <div class="card-title">
        <div class="node" id="157"><span class="badge log pass-bg mr-2">Pass</span>Loan Portfolio Scenario</div>
      </div>
    </div>
        <div class="scenario_outline collapse">
            <div class="card-body l1">
              <div class="card-header">
                <div class="card-title outline-child">
                  <div class="node" id="158"><span class="badge log pass-bg mr-2">Pass</span>Loan Portfolio Scenario</div>
                </div>
              </div>
              <div class="card-body mt-3 collapse">
                  <div class="step pass-bg">
                    <span>Given Go to portfolio and pick the assets "Portfolio B"</span>
      <div>
      </div>
                  </div>
                  <div class="step pass-bg">
                    <span>When Go to properties</span>
      <div>
      </div>
                  </div>
                  <div class="step pass-bg">
                    <span>Then verify the loans are updated in the portfolios "Portfolio B"</span>
      <div>
      </div>
                  </div>
              </div>
            </div>
        </div>
  </div>
</div>
          </div>
        </li>
        <li class="test-item"  status="pass" test-id="166"
          author=""
          tag=""
          device="">
          <div class="test-detail">
            <p class="name">Delete an asset</p>
            <p class="text-sm">
              <span>19:01:11 PM</span> / <span>00:00:12:024</span>
              <span class="badge pass-bg log float-right">Pass</span>
            </p>
          </div>
          <div class="test-contents d-none">
<div class="detail-head">
<div class="p-v-10">
<div class="info">
<h5 class="test-status text-pass">Delete an asset</h5>
<span class='badge badge-success'>10.26.2022 19:01:11</span>
<span class='badge badge-danger'>10.26.2022 19:01:23</span>
<span class='badge badge-default'>00:00:12:024</span>
&middot; <span class='uri-anchor badge badge-default'>#test-id=166</span>
</div>
<div class="m-t-10 m-l-5"></div>
</div>
</div>
<div class="accordion mt-4">
  <div class="card">
    <div class="card-header" role="tab">
      <div class="card-title">
        <div class="node" id="167"><span class="badge log pass-bg mr-2">Pass</span>Delete Asset</div>
      </div>
    </div>
        <div class="scenario_outline collapse">
            <div class="card-body l1">
              <div class="card-header">
                <div class="card-title outline-child">
                  <div class="node" id="168"><span class="badge log pass-bg mr-2">Pass</span>Delete Asset</div>
                </div>
              </div>
              <div class="card-body mt-3 collapse">
                  <div class="step pass-bg">
                    <span>Given go to assets page</span>
      <div>
      </div>
                  </div>
                  <div class="step pass-bg">
                    <span>When sleect an asset "Selenium Testa"</span>
      <div>
      </div>
                  </div>
                  <div class="step pass-bg">
                    <span>Then Delete the assset "Successfully Deleted Asset"</span>
      <div>
      </div>
                  </div>
              </div>
            </div>
        </div>
  </div>
</div>
          </div>
        </li>
        <li class="test-item"  status="fail" test-id="176"
          author=""
          tag=""
          device="">
          <div class="test-detail">
            <p class="name">validate realpage edit sale</p>
            <p class="text-sm">
              <span>19:01:23 PM</span> / <span>00:01:04:689</span>
              <span class="badge fail-bg log float-right">Fail</span>
            </p>
          </div>
          <div class="test-contents d-none">
<div class="detail-head">
<div class="p-v-10">
<div class="info">
<h5 class="test-status text-fail">validate realpage edit sale</h5>
<span class='badge badge-success'>10.26.2022 19:01:23</span>
<span class='badge badge-danger'>10.26.2022 19:02:27</span>
<span class='badge badge-default'>00:01:04:689</span>
&middot; <span class='uri-anchor badge badge-default'>#test-id=176</span>
</div>
<div class="m-t-10 m-l-5"></div>
</div>
</div>
<div class="accordion mt-4">
  <div class="card">
    <div class="card-header" role="tab">
      <div class="card-title">
        <div class="node" id="177"><span class="badge log fail-bg mr-2">Fail</span>vetify Edit Sale</div>
          <div class="status-avatar float-right mr-4">
            <i class="fa fa-paperclip"></i>
          </div>
      </div>
    </div>
        <div class="scenario_outline ">
            <div class="card-body l1">
              <div class="card-header">
                <div class="card-title outline-child">
                  <div class="node" id="178"><span class="badge log fail-bg mr-2">Fail</span>vetify Edit Sale</div>
                    <div class="status-avatar float-right">
                      <i class="fa fa-paperclip"></i>
                    </div>
                </div>
              </div>
              <div class="card-body mt-3 ">
                  <div class="step fail-bg">
                    <span>Given click Asset "Sugar Cane Apartments"</span>
      <div>
        <textarea disabled class="code-block">org.openqa.selenium.NoSuchElementException: no such element: Unable to locate element: {"method":"xpath","selector":"//img[@title='Sugar Cane Apartments']"}
  (Session info: headless chrome=103.0.5060.53)
For documentation on this error, please visit: https://selenium.dev/exceptions/#no_such_element
Build info: version: '4.3.0', revision: 'a4995e2c09*'
System info: host: 'utthamvlit-Latitude-5580', ip: '127.0.1.1', os.name: 'Linux', os.arch: 'amd64', os.version: '5.15.0-48-generic', java.version: '11.0.16'
Driver info: org.openqa.selenium.chrome.ChromeDriver
Command: [16bdbda0f57ec395a7d82d9704cf35f9, findElement {using=xpath, value=//img[@title='Sugar Cane Apartments']}]
Capabilities {acceptInsecureCerts: false, browserName: chrome, browserVersion: 103.0.5060.53, chrome: {chromedriverVersion: 103.0.5060.134 (8ec6fce403b..., userDataDir: /tmp/.com.google.Chrome.lIYsiT}, goog:chromeOptions: {debuggerAddress: localhost:46415}, networkConnectionEnabled: false, pageLoadStrategy: normal, platformName: LINUX, proxy: Proxy(), se:cdp: ws://localhost:46415/devtoo..., se:cdpVersion: 103.0.5060.53, setWindowRect: true, strictFileInteractability: false, timeouts: {implicit: 0, pageLoad: 300000, script: 30000}, unhandledPromptBehavior: dismiss and notify, webauthn:extension:credBlob: true, webauthn:extension:largeBlob: true, webauthn:virtualAuthenticators: true}
Session ID: 16bdbda0f57ec395a7d82d9704cf35f9
	at java.base/jdk.internal.reflect.NativeConstructorAccessorImpl.newInstance0(Native Method)
	at java.base/jdk.internal.reflect.NativeConstructorAccessorImpl.newInstance(NativeConstructorAccessorImpl.java:62)
	at java.base/jdk.internal.reflect.DelegatingConstructorAccessorImpl.newInstance(DelegatingConstructorAccessorImpl.java:45)
	at java.base/java.lang.reflect.Constructor.newInstance(Constructor.java:490)
	at org.openqa.selenium.remote.codec.w3c.W3CHttpResponseCodec.createException(W3CHttpResponseCodec.java:200)
	at org.openqa.selenium.remote.codec.w3c.W3CHttpResponseCodec.decode(W3CHttpResponseCodec.java:133)
	at org.openqa.selenium.remote.codec.w3c.W3CHttpResponseCodec.decode(W3CHttpResponseCodec.java:53)
	at org.openqa.selenium.remote.HttpCommandExecutor.execute(HttpCommandExecutor.java:184)
	at org.openqa.selenium.remote.service.DriverCommandExecutor.invokeExecute(DriverCommandExecutor.java:167)
	at org.openqa.selenium.remote.service.DriverCommandExecutor.execute(DriverCommandExecutor.java:142)
	at org.openqa.selenium.remote.RemoteWebDriver.execute(RemoteWebDriver.java:569)
	at org.openqa.selenium.remote.ElementLocation$ElementFinder$2.findElement(ElementLocation.java:162)
	at org.openqa.selenium.remote.ElementLocation.findElement(ElementLocation.java:60)
	at org.openqa.selenium.remote.RemoteWebDriver.findElement(RemoteWebDriver.java:387)
	at org.openqa.selenium.remote.RemoteWebDriver.findElement(RemoteWebDriver.java:379)
	at com.pages.SalesAssumptionPage.click_Asset(SalesAssumptionPage.java:33)
	at stepdefinitions.SalesAssumptionSteps.click_asset(SalesAssumptionSteps.java:16)
	at ✽.click Asset "Sugar Cane Apartments"(file:///home/uttham-vlit/Desktop/BB2-RealPage/src/test/resources/PositiveFlowFeature/SalesAssumption.feature:4)
</textarea>
      
      </div>
                  </div>
                  <div class="step skip-bg">
                    <span>When user click on valuation "10" "3.0" "2.2" "0"</span>
      <div>Step skipped
      </div>
                  </div>
                  <div class="step skip-bg">
                    <span>Then veify Edit Sale "10" "3.0" "2.2" "0"</span>
      <div>Step skipped
      </div>
                  </div>
                  <div class="step pass-bg">
                    <span>apphooks.ApplicationHooks.tearDown(io.cucumber.java.Scenario)</span>
      <div>vetify_Edit_Sale
          <div class="row mb-3"><div class="col-md-3">
    <img data-featherlight='../embedded10.png' src="../embedded10.png">
    
    </div></div>
</div>
      <div>
      </div>
                  </div>
              </div>
            </div>
        </div>
  </div>
</div>
          </div>
        </li>
      </ul>
    </div>
  </div>
<div class="test-content scrollable">
<div class="test-content-tools">
<ul><li><a class="back-to-test" href="#"><i class="fa fa-arrow-left"></i></a></li></ul>
</div>
<div class="test-content-detail"><div class="detail-body"></div></div>
</div></div>
<div class="test-wrapper row view category-view attributes-view">
<div class="test-list">
<div class="test-list-tools">
<ul class="tools pull-left"><li><a href=""><span class="font-size-14">Category</span></a></li></ul>
<ul class="tools text-right"><li><a href="#"><span class="badge badge-primary">3</span></a></li></ul>
</div>
<div class="test-list-wrapper scrollable">
<ul class="test-list-item">
<li class="test-item">
<div class="test-detail">
<span class="meta">
<span class='badge log pass-bg'>2</span>
</span>
<p class="name">@DEBTTab</p>
<p class="duration text-sm">2 tests</p>
</div>
<div class="test-contents d-none">
<div class="info">
<h4>@DEBTTab</h4>
<span status="pass" class='badge log pass-bg'>2 passed</span>
</div>
<table class='table table-sm mt-4'>
<thead>
<tr>
<th class="status-col">Status</th>
<th class="timestamp-col">Timestamp</th>
<th>TestName</th>
</tr>
</thead>
<tbody>
<tr class="tag-test-status" status="pass">
<td><span class="badge log pass-bg">Pass</span></td>
<td>18:48:36 PM</td>
<td>
<a href="#" class="linked" test-id='83' id='84'>OverviewTab Calculations</a>
<div class="">
<span class="badge badge-default">feature to see OverviewTab Calculations.OverviewTab Calculations</span>
</div>
</td>
</tr>
<tr class="tag-test-status" status="pass">
<td><span class="badge log pass-bg">Pass</span></td>
<td>18:48:36 PM</td>
<td>
<a href="#" class="linked" test-id='83' id='85'>OverviewTab Calculations</a>
<div class="">
<span class="badge badge-default">feature to see OverviewTab Calculations.OverviewTab Calculations</span>
</div>
</td>
</tr>
</tbody>
</table>
</div>
</li>
<li class="test-item">
<div class="test-detail">
<span class="meta">
<span class='badge log badge-danger'>2</span>
</span>
<p class="name">@CreateAsset</p>
<p class="duration text-sm">2 tests</p>
</div>
<div class="test-contents d-none">
<div class="info">
<h4>@CreateAsset</h4>
<span status="fail" class='badge log badge-danger'>2 failed</span>
</div>
<table class='table table-sm mt-4'>
<thead>
<tr>
<th class="status-col">Status</th>
<th class="timestamp-col">Timestamp</th>
<th>TestName</th>
</tr>
</thead>
<tbody>
<tr class="tag-test-status" status="fail">
<td><span class="badge log fail-bg">Fail</span></td>
<td>18:44:39 PM</td>
<td>
<a href="#" class="linked" test-id='11' id='12'>create new asset</a>
<div class="">
<span class="badge badge-default">feature to see New Asset.create new asset</span>
</div>
</td>
</tr>
<tr class="tag-test-status" status="fail">
<td><span class="badge log fail-bg">Fail</span></td>
<td>18:44:39 PM</td>
<td>
<a href="#" class="linked" test-id='11' id='13'>create new asset</a>
<div class="">
<span class="badge badge-default">feature to see New Asset.create new asset</span>
</div>
</td>
</tr>
</tbody>
</table>
</div>
</li>
<li class="test-item">
<div class="test-detail">
<span class="meta">
<span class='badge log pass-bg'>2</span>
</span>
<p class="name">@CreateLoan</p>
<p class="duration text-sm">2 tests</p>
</div>
<div class="test-contents d-none">
<div class="info">
<h4>@CreateLoan</h4>
<span status="pass" class='badge log pass-bg'>2 passed</span>
</div>
<table class='table table-sm mt-4'>
<thead>
<tr>
<th class="status-col">Status</th>
<th class="timestamp-col">Timestamp</th>
<th>TestName</th>
</tr>
</thead>
<tbody>
<tr class="tag-test-status" status="pass">
<td><span class="badge log pass-bg">Pass</span></td>
<td>18:48:09 PM</td>
<td>
<a href="#" class="linked" test-id='63' id='64'>create new Loan</a>
<div class="">
<span class="badge badge-default">feature to see Create Loan.create new Loan</span>
</div>
</td>
</tr>
<tr class="tag-test-status" status="pass">
<td><span class="badge log pass-bg">Pass</span></td>
<td>18:48:09 PM</td>
<td>
<a href="#" class="linked" test-id='63' id='65'>create new Loan</a>
<div class="">
<span class="badge badge-default">feature to see Create Loan.create new Loan</span>
</div>
</td>
</tr>
</tbody>
</table>
</div>
</li>
</ul>
</div>
</div>
<div class="test-content scrollable">
<div class="test-content-detail">
<div class="detail-body"></div>
</div>
</div>
</div><div class="test-wrapper row view exception-view attributes-view">
<div class="test-list">
<div class="test-list-tools">
<ul class="tools pull-left"><li><a href=""><span class="font-size-14">Exception</span></a></li></ul>
<ul class="tools text-right"><li><a href="#"><span class="badge badge-primary">5</span></a></li></ul>
</div>
<div class="test-list-wrapper scrollable">
<ul class="test-list-item">
<li class="test-item">
<div class="test-detail">
<span class="meta">
<span class='badge log badge-danger'>1</span>
</span>
<p class="name">org.openqa.selenium.TimeoutException</p>
<p class="duration text-sm">1 tests</p>
</div>
<div class="test-contents d-none">
<div class="info">
<h4>org.openqa.selenium.TimeoutException</h4>
<span status="fail" class='badge log badge-danger'>1 failed</span>
</div>
<table class='table table-sm mt-4'>
<thead>
<tr>
<th class="status-col">Status</th>
<th class="timestamp-col">Timestamp</th>
<th>TestName</th>
</tr>
</thead>
<tbody>
<tr class="tag-test-status" status="fail">
<td><span class="badge log fail-bg">Fail</span></td>
<td>18:52:50 PM</td>
<td>
<a href="#" class="linked" test-id='136' id='143'>Then delet the loan and verify "Successfully Deleted Loan"</a>
<div class="">
<span class="badge badge-default">Delete a Lona feature.Scenario to delete a loan.Then delet the loan and verify "Successfully Deleted Loan"</span>
</div>
</td>
</tr>
</tbody>
</table>
</div>
</li>
<li class="test-item">
<div class="test-detail">
<span class="meta">
<span class='badge log badge-danger'>1</span>
</span>
<p class="name">java.lang.AssertionError</p>
<p class="duration text-sm">1 tests</p>
</div>
<div class="test-contents d-none">
<div class="info">
<h4>java.lang.AssertionError</h4>
<span status="fail" class='badge log badge-danger'>1 failed</span>
</div>
<table class='table table-sm mt-4'>
<thead>
<tr>
<th class="status-col">Status</th>
<th class="timestamp-col">Timestamp</th>
<th>TestName</th>
</tr>
</thead>
<tbody>
<tr class="tag-test-status" status="fail">
<td><span class="badge log fail-bg">Fail</span></td>
<td>18:44:36 PM</td>
<td>
<a href="#" class="linked" test-id='1' id='8'>Then Verify the created Portfolio "Portfolio S"</a>
<div class="">
<span class="badge badge-default">Add PortFolio.Portfolio Adding Scenario.Then Verify the created Portfolio "Portfolio S"</span>
</div>
</td>
</tr>
</tbody>
</table>
</div>
</li>
<li class="test-item">
<div class="test-detail">
<span class="meta">
<span class='badge log badge-danger'>1</span>
</span>
<p class="name">org.openqa.selenium.StaleElementReferenceException</p>
<p class="duration text-sm">1 tests</p>
</div>
<div class="test-contents d-none">
<div class="info">
<h4>org.openqa.selenium.StaleElementReferenceException</h4>
<span status="fail" class='badge log badge-danger'>1 failed</span>
</div>
<table class='table table-sm mt-4'>
<thead>
<tr>
<th class="status-col">Status</th>
<th class="timestamp-col">Timestamp</th>
<th>TestName</th>
</tr>
</thead>
<tbody>
<tr class="tag-test-status" status="fail">
<td><span class="badge log fail-bg">Fail</span></td>
<td>18:52:24 PM</td>
<td>
<a href="#" class="linked" test-id='114' id='122'>Then check whether the assets are reasigned or not "Portfolio A" "Selenium Testa"</a>
<div class="">
<span class="badge badge-default">Reassign the portfolio feature.Reassign Scenerio for Portfolio.Then check whether the assets are reasigned or not "Portfolio A" "Selenium Testa"</span>
</div>
</td>
</tr>
</tbody>
</table>
</div>
</li>
<li class="test-item">
<div class="test-detail">
<span class="meta">
<span class='badge log badge-danger'>1</span>
</span>
<p class="name">org.openqa.selenium.ElementClickInterceptedException</p>
<p class="duration text-sm">1 tests</p>
</div>
<div class="test-contents d-none">
<div class="info">
<h4>org.openqa.selenium.ElementClickInterceptedException</h4>
<span status="fail" class='badge log badge-danger'>1 failed</span>
</div>
<table class='table table-sm mt-4'>
<thead>
<tr>
<th class="status-col">Status</th>
<th class="timestamp-col">Timestamp</th>
<th>TestName</th>
</tr>
</thead>
<tbody>
<tr class="tag-test-status" status="fail">
<td><span class="badge log fail-bg">Fail</span></td>
<td>18:44:52 PM</td>
<td>
<a href="#" class="linked" test-id='11' id='20'>Then Enter Details Into TenantsPage "/home/uttham-vlit/Downloads/single asset files/Tenants.xlsx" "Excel sheet validated successfully" "Selenium Testa" "Asset created successfully"</a>
<div class="">
<span class="badge badge-default">feature to see New Asset.create new asset.Then Enter Details Into TenantsPage "/home/uttham-vlit/Downloads/single asset files/Tenants.xlsx" "Excel sheet validated successfully" "Selenium Testa" "Asset created successfully"</span>
</div>
</td>
</tr>
<tr class="tag-test-status" status="fail">
<td><span class="badge log fail-bg">Fail</span></td>
<td>18:52:37 PM</td>
<td>
<a href="#" class="linked" test-id='125' id='132'>And Click add Scenerio and give the details "Sel Test1" "yes" "Valuations,Loans,Tenants" "notes" "/home/uttham-vlit/Downloads/SingleAsset_Upload_With_EffectiveDate/SingleAsset_Upload_With_EffectiveDate/SkyView/410SkyView_30-06-2022/Cashflows_30-06-2022.xlsx" "/home/uttham-vlit/Downloads/SingleAsset_Upload_With_EffectiveDate/SingleAsset_Upload_With_EffectiveDate/SkyView/410SkyView_30-06-2022/4Loans_30-06-2022.xlsx" "/home/uttham-vlit/Downloads/SingleAsset_Upload_With_EffectiveDate/SingleAsset_Upload_With_EffectiveDate/SkyView/410SkyView_30-06-2022/10Tenants_30-06-2022.xlsx"</a>
<div class="">
<span class="badge badge-default">Add a new Scenario.To create a new Scenario.And Click add Scenerio and give the details "Sel Test1" "yes" "Valuations,Loans,Tenants" "notes" "/home/uttham-vlit/Downloads/SingleAsset_Upload_With_EffectiveDate/SingleAsset_Upload_With_EffectiveDate/SkyView/410SkyView_30-06-2022/Cashflows_30-06-2022.xlsx" "/home/uttham-vlit/Downloads/SingleAsset_Upload_With_EffectiveDate/SingleAsset_Upload_With_EffectiveDate/SkyView/410SkyView_30-06-2022/4Loans_30-06-2022.xlsx" "/home/uttham-vlit/Downloads/SingleAsset_Upload_With_EffectiveDate/SingleAsset_Upload_With_EffectiveDate/SkyView/410SkyView_30-06-2022/10Tenants_30-06-2022.xlsx"</span>
</div>
</td>
</tr>
</tbody>
</table>
</div>
</li>
<li class="test-item">
<div class="test-detail">
<span class="meta">
<span class='badge log badge-danger'>1</span>
</span>
<p class="name">org.openqa.selenium.NoSuchElementException</p>
<p class="duration text-sm">1 tests</p>
</div>
<div class="test-contents d-none">
<div class="info">
<h4>org.openqa.selenium.NoSuchElementException</h4>
<span status="fail" class='badge log badge-danger'>1 failed</span>
</div>
<table class='table table-sm mt-4'>
<thead>
<tr>
<th class="status-col">Status</th>
<th class="timestamp-col">Timestamp</th>
<th>TestName</th>
</tr>
</thead>
<tbody>
<tr class="tag-test-status" status="fail">
<td><span class="badge log fail-bg">Fail</span></td>
<td>18:45:45 PM</td>
<td>
<a href="#" class="linked" test-id='33' id='39'>When Upload the required Files "/home/uttham-vlit/Downloads/Multi Assset Upload Files/Overview.xlsx" "/home/uttham-vlit/Downloads/Multi Assset Upload Files/Cashflows.xlsx" "/home/uttham-vlit/Downloads/Multi Assset Upload Files/Overview.xlsx" "/home/uttham-vlit/Downloads/Multi Assset Upload Files/Loans.xlsx" "/home/uttham-vlit/Downloads/Multi Assset Upload Files/Tenant.xlsx" "140 Industrial Dr,Campus Edge,Opengate Industrial,Overland Plaza,Premium Plaza,Skyview Apartments,Sugar Cane Apartments,Venture Tower,Waterview Mall" "Skyview Apartments" "Excel Sheet Validated successfully" "Excel Sheet Validated successfully" "Excel Sheet Validated successfully" "Excel Sheet Validated successfully" "Excel Sheet Validated successfully"</a>
<div class="">
<span class="badge badge-default">Mutli asset imports.Multi Asset Imports.When Upload the required Files "/home/uttham-vlit/Downloads/Multi Assset Upload Files/Overview.xlsx" "/home/uttham-vlit/Downloads/Multi Assset Upload Files/Cashflows.xlsx" "/home/uttham-vlit/Downloads/Multi Assset Upload Files/Overview.xlsx" "/home/uttham-vlit/Downloads/Multi Assset Upload Files/Loans.xlsx" "/home/uttham-vlit/Downloads/Multi Assset Upload Files/Tenant.xlsx" "140 Industrial Dr,Campus Edge,Opengate Industrial,Overland Plaza,Premium Plaza,Skyview Apartments,Sugar Cane Apartments,Venture Tower,Waterview Mall" "Skyview Apartments" "Excel Sheet Validated successfully" "Excel Sheet Validated successfully" "Excel Sheet Validated successfully" "Excel Sheet Validated successfully" "Excel Sheet Validated successfully"</span>
</div>
</td>
</tr>
<tr class="tag-test-status" status="fail">
<td><span class="badge log fail-bg">Fail</span></td>
<td>18:46:02 PM</td>
<td>
<a href="#" class="linked" test-id='43' id='48'>Given Go to particualr asset "Premium Plaza"</a>
<div class="">
<span class="badge badge-default">Download Asset Info.Download Asset Info.Given Go to particualr asset "Premium Plaza"</span>
</div>
</td>
</tr>
<tr class="tag-test-status" status="fail">
<td><span class="badge log fail-bg">Fail</span></td>
<td>18:47:08 PM</td>
<td>
<a href="#" class="linked" test-id='53' id='58'>Given user click on Asset "Premium Plaza"</a>
<div class="">
<span class="badge badge-default">validate RealPage.Import AssetFile.Given user click on Asset "Premium Plaza"</span>
</div>
</td>
</tr>
<tr class="tag-test-status" status="fail">
<td><span class="badge log fail-bg">Fail</span></td>
<td>18:49:01 PM</td>
<td>
<a href="#" class="linked" test-id='93' id='98'>Given Go to portfolio and pick a portfolio "Portfolio A"</a>
<div class="">
<span class="badge badge-default">Tenant Portfolio Feature.Tenant Portfolio Scenario.Given Go to portfolio and pick a portfolio "Portfolio A"</span>
</div>
</td>
</tr>
<tr class="tag-test-status" status="fail">
<td><span class="badge log fail-bg">Fail</span></td>
<td>19:01:27 PM</td>
<td>
<a href="#" class="linked" test-id='176' id='181'>Given click Asset "Sugar Cane Apartments"</a>
<div class="">
<span class="badge badge-default">validate realpage edit sale.vetify Edit Sale.Given click Asset "Sugar Cane Apartments"</span>
</div>
</td>
</tr>
</tbody>
</table>
</div>
</li>
</ul>
</div>
</div>
<div class="test-content scrollable">
<div class="test-content-detail">
<div class="detail-body"></div>
</div>
</div>
</div>        </div>
      </div>
    </div>
  </div>
<script src="https://cdn.jsdelivr.net/gh/extent-framework/extent-github-cdn@14e9bb345ef7e2ed3a102f271d84e9f0267c88e7/spark/js/spark-script.js"></script>
<script type="text/javascript"></script></body>
</html>