

<!DOCTYPE html>
<html>
<head>
<meta charset="utf-8">
<meta name="viewport" content="width=device-width, initial-scale=1, shrink-to-fit=no">
<title>Extent</title>
<link rel="apple-touch-icon" href="https://cdn.jsdelivr.net/gh/extent-framework/extent-github-cdn@b00a2d0486596e73dd7326beacf352c639623a0e/commons/img/logo.png">
<link rel="shortcut icon" href="https://cdn.jsdelivr.net/gh/extent-framework/extent-github-cdn@b00a2d0486596e73dd7326beacf352c639623a0e/commons/img/logo.png">
<link href="https://cdn.jsdelivr.net/gh/extent-framework/extent-github-cdn@c43b89d03a7c43dae8bb8f0f078bad1997af6b3b/spark/css/spark-style.css" rel="stylesheet" />
<link href="https://stackpath.bootstrapcdn.com/font-awesome/4.7.0/css/font-awesome.min.css" rel="stylesheet">
<script src="https://cdn.rawgit.com/extent-framework/extent-github-cdn/7cc78ce/spark/js/jsontree.js"></script>
<style type="text/css"></style></head><body class="spa bdd-report dark">
  <div class="app">
    <div class="layout">
<div class="header navbar">
<div class="vheader">
<div class="nav-logo">
<a href="#">
<div class="logo" style="background-image: url('https://cdn.jsdelivr.net/gh/extent-framework/extent-github-cdn@b00a2d0486596e73dd7326beacf352c639623a0e/commons/img/logo.png')"></div>
</a>
</div>
<ul class="nav-left">
<li class="search-box">
<a class="search-toggle" href="#">
<i class="search-icon fa fa-search"></i>
<i class="search-icon-close fa fa-close"></i>
</a>
</li>
<li class="search-input"><input id="search-tests" class="form-control" type="text" placeholder="Search..."></li>
</ul>
<ul class="nav-right">
<li class="m-r-10">
<a href="#"><span class="badge badge-primary">Grasshopper Report</span></a>
</li>
<li class="m-r-10">
<a href="#"><span class="badge badge-primary">Oct 31, 2022 04:09:23 PM</span></a>
</li>
</ul>
</div>
</div><div class="side-nav">
<div class="side-nav-inner">
<ul class="side-nav-menu">
<li class="nav-item dropdown" onclick="toggleView('dashboard-view')">
<a id="nav-dashboard" class="dropdown-toggle" href="#">
<span class="ico"><i class="fa fa-bar-chart"></i></span>
</a>
</li>
<li class="nav-item dropdown" onclick="toggleView('test-view')">
<a id="nav-test" class="dropdown-toggle" href="#">
<span class="ico"><i class="fa fa-list"></i></span>
</a>
</li>
<li class="nav-item dropdown" onclick="toggleView('exception-view')">
<a id="nav-exception" class="dropdown-toggle" href="#">
<span class="ico"><i class="fa fa-bug"></i></span>
</a>
</li>
</ul>
</div>
</div>      <div class="vcontainer">
        <div class="main-content">
<div class="container-fluid p-4 view dashboard-view">
<div class="row">
<div class="col-md-3">
<div class="card"><div class="card-body">
<p class="m-b-0">Started</p>
<h3>Oct 31, 2022 04:09:23 PM</h3>
</div></div>
</div>
<div class="col-md-3">
<div class="card"><div class="card-body">
<p class="m-b-0">Ended</p>
<h3>Oct 31, 2022 04:13:22 PM</h3>
</div></div>
</div>
<div class="col-md-3">
<div class="card"><div class="card-body">
<p class="m-b-0 text-pass">Features Passed</p>
<h3>0</h3>
</div></div>
</div>
<div class="col-md-3">
<div class="card"><div class="card-body">
<p class="m-b-0 text-fail">Features Failed</p>
<h3>1</h3>
</div></div>
</div>
</div>
<div class="row">
<div class="col-md-4">
<div class="card">
<div class="card-header">
<h6 class="card-title">Features</h6>
</div>
<div class="card-body">
<div class="">
<canvas id='parent-analysis' width='115' height='90'></canvas>
</div>
</div>
<div class="card-footer">
<div><small data-tooltip='0%'>
<b>0</b> features passed
</small>
</div>
<div>
<small data-tooltip='100%'><b>1</b> features failed,
<b>0</b> skipped, <b data-tooltip='0%'>0</b> others
</small>
</div>
</div>
</div>
</div>
<div class="col-md-4">
<div class="card">
<div class="card-header">
<h6 class="card-title">Scenarios</h6>
</div>
<div class="card-body">
<div class="">
<canvas id='child-analysis' width='115' height='90'></canvas>
</div>
</div>
<div class="card-footer">
<div><small data-tooltip='50%'><b>10</b> scenarios passed</small></div>
<div>
<small data-tooltip='50%'><b>10</b> scenarios failed,
<b>0</b> skipped, <b data-tooltip='%'>0</b> others
</small>
</div>
</div>
</div>
</div>
<div class="col-md-4">
<div class="card">
<div class="card-header">
<h6 class="card-title">Steps</h6>
</div>
<div class="card-body">
<div class="">
<canvas id='grandchild-analysis' width='115' height='90'></canvas>
</div>
</div>
<div class="card-footer">
<div><small data-tooltip='77%'><b>54</b> steps passed</small></div>
<div>
<small data-tooltip='14%'><b>10</b> steps failed,
<b>6</b> skipped, <b data-tooltip='%'>0</b> others
</small>
</div>
</div>
</div>
</div>
</div>
<div class="row"><div class="col-md-12">
<div class="card"><div class="card-header"><p>Timeline</p></div>
<div class="card-body pt-0"><div>
<canvas id="timeline" height="120"></canvas>
</div></div>
</div>
</div></div>
<script>
var timeline = {
"EditAssetPage":237.524
};
</script>
<div class="row">
</div>
</div>
<script>
var statusGroup = {
parentCount: 5,
passParent: 0,
failParent: 1,
warningParent: 0,
skipParent: 0,
childCount: 5,
passChild: 10,
failChild: 10,
warningChild: 0,
skipChild: 0,
infoChild: 0,
grandChildCount: 5,
passGrandChild: 54,
failGrandChild: 10,
warningGrandChild: 0,
skipGrandChild: 6,
infoGrandChild: 0,
eventsCount: 5,
};
</script><div class="test-wrapper row view test-view">
  <div class="test-list">
    <div class="test-list-tools">
<ul class="tools pull-left">
<li><a href="#"><span class="font-size-14">Tests</span></a></li>
</ul>
<ul class="tools text-right">
<li class="dropdown">
<a href="#" class="dropdown-toggle" data-toggle="dropdown"><i class="fa fa-exclamation-circle"></i></a>
<ul id="status-toggle" class="dropdown-menu dropdown-md p-v-0">
<a class="dropdown-item" status="fail" href="#"><span>Fail</span><span class="status danger"></span></a>
<div class="dropdown-divider"></div>
<a status="clear" class="dropdown-item" href="#"><span>Clear</span><span class="pull-right"><i class="fa fa-close"></i></span></a>
</ul>
</li>
</ul>
</div>    <div class="test-list-wrapper scrollable">
      <ul class="test-list-item">
        <li class="test-item"  status="fail" test-id="1"
          author=""
          tag=""
          device="">
          <div class="test-detail">
            <p class="name">EditAssetPage</p>
            <p class="text-sm">
              <span>16:09:25 PM</span> / <span>00:03:57:524</span>
              <span class="badge fail-bg log float-right">Fail</span>
            </p>
          </div>
          <div class="test-contents d-none">
<div class="detail-head">
<div class="p-v-10">
<div class="info">
<h5 class="test-status text-fail">EditAssetPage</h5>
<span class='badge badge-success'>10.31.2022 16:09:25</span>
<span class='badge badge-danger'>10.31.2022 16:13:22</span>
<span class='badge badge-default'>00:03:57:524</span>
&middot; <span class='uri-anchor badge badge-default'>#test-id=1</span>
</div>
<div class="m-t-10 m-l-5"></div>
</div>
</div>
<div class="accordion mt-4">
  <div class="card">
    <div class="card-header" role="tab">
      <div class="card-title">
        <div class="node" id="2"><span class="badge log fail-bg mr-2">Fail</span>EditAssetPage</div>
          <div class="status-avatar float-right mr-4">
            <i class="fa fa-paperclip"></i>
          </div>
      </div>
    </div>
        <div class="scenario_outline ">
            <div class="card-body l1">
              <div class="card-header">
                <div class="card-title outline-child">
                  <div class="node" id="3"><span class="badge log fail-bg mr-2">Fail</span>EditAssetPage</div>
                    <div class="status-avatar float-right">
                      <i class="fa fa-paperclip"></i>
                    </div>
                </div>
              </div>
              <div class="card-body mt-3 ">
                  <div class="step fail-bg">
                    <span>Given Opens RealPage  and user clicks on properties goes to a particular asset "Selenium Testb"</span>
      <div>
        <textarea disabled class="code-block">org.openqa.selenium.ElementClickInterceptedException: element click intercepted: Element <a _ngcontent-kvc-c206="" class="cursor">...</a> is not clickable at point (1348, 318). Other element would receive the click: <div _ngcontent-kvc-c162="" class="loader-container">...</div>
  (Session info: headless chrome=103.0.5060.53)
Build info: version: '4.3.0', revision: 'a4995e2c09*'
System info: host: 'utthamvlit-Latitude-5580', ip: '127.0.1.1', os.name: 'Linux', os.arch: 'amd64', os.version: '5.15.0-48-generic', java.version: '11.0.16'
Driver info: org.openqa.selenium.chrome.ChromeDriver
Command: [f606319a8c8e5b64c7d8ce24897e0f9f, clickElement {id=b0f115fa-d790-4be2-84fc-f8d366a11531}]
Capabilities {acceptInsecureCerts: false, browserName: chrome, browserVersion: 103.0.5060.53, chrome: {chromedriverVersion: 103.0.5060.134 (8ec6fce403b..., userDataDir: /tmp/.com.google.Chrome.fSzMWR}, goog:chromeOptions: {debuggerAddress: localhost:39067}, networkConnectionEnabled: false, pageLoadStrategy: normal, platformName: LINUX, proxy: Proxy(), se:cdp: ws://localhost:39067/devtoo..., se:cdpVersion: 103.0.5060.53, setWindowRect: true, strictFileInteractability: false, timeouts: {implicit: 0, pageLoad: 300000, script: 30000}, unhandledPromptBehavior: dismiss and notify, webauthn:extension:credBlob: true, webauthn:extension:largeBlob: true, webauthn:virtualAuthenticators: true}
Element: [[ChromeDriver: chrome on LINUX (f606319a8c8e5b64c7d8ce24897e0f9f)] -> xpath: //a[text()='Edit']]
Session ID: f606319a8c8e5b64c7d8ce24897e0f9f
	at java.base/jdk.internal.reflect.NativeConstructorAccessorImpl.newInstance0(Native Method)
	at java.base/jdk.internal.reflect.NativeConstructorAccessorImpl.newInstance(NativeConstructorAccessorImpl.java:62)
	at java.base/jdk.internal.reflect.DelegatingConstructorAccessorImpl.newInstance(DelegatingConstructorAccessorImpl.java:45)
	at java.base/java.lang.reflect.Constructor.newInstance(Constructor.java:490)
	at org.openqa.selenium.remote.codec.w3c.W3CHttpResponseCodec.createException(W3CHttpResponseCodec.java:200)
	at org.openqa.selenium.remote.codec.w3c.W3CHttpResponseCodec.decode(W3CHttpResponseCodec.java:133)
	at org.openqa.selenium.remote.codec.w3c.W3CHttpResponseCodec.decode(W3CHttpResponseCodec.java:53)
	at org.openqa.selenium.remote.HttpCommandExecutor.execute(HttpCommandExecutor.java:184)
	at org.openqa.selenium.remote.service.DriverCommandExecutor.invokeExecute(DriverCommandExecutor.java:167)
	at org.openqa.selenium.remote.service.DriverCommandExecutor.execute(DriverCommandExecutor.java:142)
	at org.openqa.selenium.remote.RemoteWebDriver.execute(RemoteWebDriver.java:569)
	at org.openqa.selenium.remote.RemoteWebElement.execute(RemoteWebElement.java:257)
	at org.openqa.selenium.remote.RemoteWebElement.click(RemoteWebElement.java:78)
	at com.pages.EditAssetPage.deatilsPage(EditAssetPage.java:86)
	at stepdefinitions.EditAssetSteps.opens_real_page_and_user_clicks_on_properties_goes_to_a_particular_asset(EditAssetSteps.java:18)
	at ✽.Opens RealPage  and user clicks on properties goes to a particular asset "Selenium Testb"(file:///home/uttham-vlit/Desktop/BB2-RealPage/src/test/resources/Regressionfeatures/2_Edit%20Asset.feature:4)
</textarea>
      
      </div>
                  </div>
                  <div class="step skip-bg">
                    <span>When clicks on edit button and edit the values "" "" "" "" "" "" "" "" "Operating" "" "" "" "" "" "" "" "" "" "" ""</span>
      <div>Step skipped
      </div>
                  </div>
                  <div class="step skip-bg">
                    <span>Then check the updated values "" "" "" "" "" "" "" "" "Operating" "" "" "" "" "" "" "" "" "" "" "" "Successfully Updated Asset Details"</span>
      <div>Step skipped
      </div>
                  </div>
                  <div class="step pass-bg">
                    <span>apphooks.ApplicationHooks.tearDown(io.cucumber.java.Scenario)</span>
      <div>EditAssetPage
          <div class="row mb-3"><div class="col-md-3">
    <img data-featherlight='../embedded2.png' src="../embedded2.png">
    
    </div></div>
</div>
      <div>
      </div>
                  </div>
              </div>
            </div>
            <div class="card-body l1">
              <div class="card-header">
                <div class="card-title outline-child">
                  <div class="node" id="4"><span class="badge log fail-bg mr-2">Fail</span>EditAssetPage</div>
                    <div class="status-avatar float-right">
                      <i class="fa fa-paperclip"></i>
                    </div>
                </div>
              </div>
              <div class="card-body mt-3 ">
                  <div class="step pass-bg">
                    <span>Given Opens RealPage  and user clicks on properties goes to a particular asset "Selenium Testb"</span>
      <div>
      </div>
                  </div>
                  <div class="step pass-bg">
                    <span>When clicks on edit button and edit the values "" "" "" "" "" "" "" "Multifamily" "" "" "" "" "" "" "" "" "" "" "" ""</span>
      <div>
      </div>
                  </div>
                  <div class="step fail-bg">
                    <span>Then check the updated values "" "" "" "" "" "" "" "Multifamily" "" "" "" "" "" "" "" "" "" "" "" "" "Successfully Updated Asset Details"</span>
      <div>
        <textarea disabled class="code-block">java.lang.AssertionError: Expected : Multifamily But Found : Multifamily|Last Updated: 10/31/2022 3:14 PM expected [Multifamily] but found [Multifamily|Last Updated: 10/31/2022 3:14 PM]
	at org.testng.Assert.fail(Assert.java:99)
	at org.testng.Assert.failNotEquals(Assert.java:1037)
	at org.testng.Assert.assertEqualsImpl(Assert.java:140)
	at org.testng.Assert.assertEquals(Assert.java:122)
	at org.testng.Assert.assertEquals(Assert.java:629)
	at com.pages.EditAssetPage.updatedValueCheck(EditAssetPage.java:252)
	at stepdefinitions.EditAssetSteps.check_the_updated_values(EditAssetSteps.java:35)
	at ✽.check the updated values "" "" "" "" "" "" "" "Multifamily" "" "" "" "" "" "" "" "" "" "" "" "" "Successfully Updated Asset Details"(file:///home/uttham-vlit/Desktop/BB2-RealPage/src/test/resources/Regressionfeatures/2_Edit%20Asset.feature:6)
</textarea>
      
      </div>
                  </div>
                  <div class="step pass-bg">
                    <span>apphooks.ApplicationHooks.tearDown(io.cucumber.java.Scenario)</span>
      <div>EditAssetPage
          <div class="row mb-3"><div class="col-md-3">
    <img data-featherlight='../embedded3.png' src="../embedded3.png">
    
    </div></div>
</div>
      <div>
      </div>
                  </div>
              </div>
            </div>
            <div class="card-body l1">
              <div class="card-header">
                <div class="card-title outline-child">
                  <div class="node" id="9"><span class="badge log pass-bg mr-2">Pass</span>EditAssetPage</div>
                </div>
              </div>
              <div class="card-body mt-3 collapse">
                  <div class="step pass-bg">
                    <span>Given Opens RealPage  and user clicks on properties goes to a particular asset "Selenium Testb"</span>
      <div>
      </div>
                  </div>
                  <div class="step pass-bg">
                    <span>When clicks on edit button and edit the values "" "sky" "" "" "" "" "" "" "" "" "" "" "" "" "" "" "" "" "" ""</span>
      <div>
      </div>
                  </div>
                  <div class="step pass-bg">
                    <span>Then check the updated values "" "sky" "" "" "" "" "" "" "" "" "" "" "" "" "" "" "" "" "" "" "Successfully Updated Asset Details"</span>
      <div>
      </div>
                  </div>
              </div>
            </div>
            <div class="card-body l1">
              <div class="card-header">
                <div class="card-title outline-child">
                  <div class="node" id="11"><span class="badge log pass-bg mr-2">Pass</span>EditAssetPage</div>
                </div>
              </div>
              <div class="card-body mt-3 collapse">
                  <div class="step pass-bg">
                    <span>Given Opens RealPage  and user clicks on properties goes to a particular asset "Selenium Testb"</span>
      <div>
      </div>
                  </div>
                  <div class="step pass-bg">
                    <span>When clicks on edit button and edit the values "" "" "" "" "New York" "" "" "" "" "" "" "" "" "" "" "" "" "" "" ""</span>
      <div>
      </div>
                  </div>
                  <div class="step pass-bg">
                    <span>Then check the updated values "" "" "" "" "New York" "" "" "" "" "" "" "" "" "" "" "" "" "" "" "" "Successfully Updated Asset Details"</span>
      <div>
      </div>
                  </div>
              </div>
            </div>
            <div class="card-body l1">
              <div class="card-header">
                <div class="card-title outline-child">
                  <div class="node" id="12"><span class="badge log fail-bg mr-2">Fail</span>EditAssetPage</div>
                    <div class="status-avatar float-right">
                      <i class="fa fa-paperclip"></i>
                    </div>
                </div>
              </div>
              <div class="card-body mt-3 ">
                  <div class="step pass-bg">
                    <span>Given Opens RealPage  and user clicks on properties goes to a particular asset "Selenium Testb"</span>
      <div>
      </div>
                  </div>
                  <div class="step pass-bg">
                    <span>When clicks on edit button and edit the values "" "" "" "" "" "" "" "" "" "21,500,000" "" "" "" "" "" "" "" "" "" ""</span>
      <div>
      </div>
                  </div>
                  <div class="step fail-bg">
                    <span>Then check the updated values "" "" "" "" "" "" "" "" "" "21,500,000" "" "" "" "" "" "" "" "" "" "" "Successfully Updated Asset Details"</span>
      <div>
        <textarea disabled class="code-block">java.lang.AssertionError: Expected : 21,500,000 But Found : $21,500,000 expected [21,500,000] but found [$21,500,000]
	at org.testng.Assert.fail(Assert.java:99)
	at org.testng.Assert.failNotEquals(Assert.java:1037)
	at org.testng.Assert.assertEqualsImpl(Assert.java:140)
	at org.testng.Assert.assertEquals(Assert.java:122)
	at org.testng.Assert.assertEquals(Assert.java:629)
	at com.pages.EditAssetPage.updatedValueCheck(EditAssetPage.java:246)
	at stepdefinitions.EditAssetSteps.check_the_updated_values(EditAssetSteps.java:35)
	at ✽.check the updated values "" "" "" "" "" "" "" "" "" "21,500,000" "" "" "" "" "" "" "" "" "" "" "Successfully Updated Asset Details"(file:///home/uttham-vlit/Desktop/BB2-RealPage/src/test/resources/Regressionfeatures/2_Edit%20Asset.feature:6)
</textarea>
      
      </div>
                  </div>
                  <div class="step pass-bg">
                    <span>apphooks.ApplicationHooks.tearDown(io.cucumber.java.Scenario)</span>
      <div>EditAssetPage
          <div class="row mb-3"><div class="col-md-3">
    <img data-featherlight='../embedded1.png' src="../embedded1.png">
    
    </div></div>
</div>
      <div>
      </div>
                  </div>
              </div>
            </div>
            <div class="card-body l1">
              <div class="card-header">
                <div class="card-title outline-child">
                  <div class="node" id="15"><span class="badge log fail-bg mr-2">Fail</span>EditAssetPage</div>
                    <div class="status-avatar float-right">
                      <i class="fa fa-paperclip"></i>
                    </div>
                </div>
              </div>
              <div class="card-body mt-3 ">
                  <div class="step fail-bg">
                    <span>Given Opens RealPage  and user clicks on properties goes to a particular asset "Selenium Testa"</span>
      <div>
        <textarea disabled class="code-block">org.openqa.selenium.NoSuchElementException: no such element: Unable to locate element: {"method":"xpath","selector":"//img[@title='Selenium Testa']"}
  (Session info: headless chrome=103.0.5060.53)
For documentation on this error, please visit: https://selenium.dev/exceptions/#no_such_element
Build info: version: '4.3.0', revision: 'a4995e2c09*'
System info: host: 'utthamvlit-Latitude-5580', ip: '127.0.1.1', os.name: 'Linux', os.arch: 'amd64', os.version: '5.15.0-48-generic', java.version: '11.0.16'
Driver info: org.openqa.selenium.chrome.ChromeDriver
Command: [2f23aea5ba58e064d7d362c04c59dfd4, findElement {using=xpath, value=//img[@title='Selenium Testa']}]
Capabilities {acceptInsecureCerts: false, browserName: chrome, browserVersion: 103.0.5060.53, chrome: {chromedriverVersion: 103.0.5060.134 (8ec6fce403b..., userDataDir: /tmp/.com.google.Chrome.wxgDaM}, goog:chromeOptions: {debuggerAddress: localhost:38363}, networkConnectionEnabled: false, pageLoadStrategy: normal, platformName: LINUX, proxy: Proxy(), se:cdp: ws://localhost:38363/devtoo..., se:cdpVersion: 103.0.5060.53, setWindowRect: true, strictFileInteractability: false, timeouts: {implicit: 0, pageLoad: 300000, script: 30000}, unhandledPromptBehavior: dismiss and notify, webauthn:extension:credBlob: true, webauthn:extension:largeBlob: true, webauthn:virtualAuthenticators: true}
Session ID: 2f23aea5ba58e064d7d362c04c59dfd4
	at java.base/jdk.internal.reflect.NativeConstructorAccessorImpl.newInstance0(Native Method)
	at java.base/jdk.internal.reflect.NativeConstructorAccessorImpl.newInstance(NativeConstructorAccessorImpl.java:62)
	at java.base/jdk.internal.reflect.DelegatingConstructorAccessorImpl.newInstance(DelegatingConstructorAccessorImpl.java:45)
	at java.base/java.lang.reflect.Constructor.newInstance(Constructor.java:490)
	at org.openqa.selenium.remote.codec.w3c.W3CHttpResponseCodec.createException(W3CHttpResponseCodec.java:200)
	at org.openqa.selenium.remote.codec.w3c.W3CHttpResponseCodec.decode(W3CHttpResponseCodec.java:133)
	at org.openqa.selenium.remote.codec.w3c.W3CHttpResponseCodec.decode(W3CHttpResponseCodec.java:53)
	at org.openqa.selenium.remote.HttpCommandExecutor.execute(HttpCommandExecutor.java:184)
	at org.openqa.selenium.remote.service.DriverCommandExecutor.invokeExecute(DriverCommandExecutor.java:167)
	at org.openqa.selenium.remote.service.DriverCommandExecutor.execute(DriverCommandExecutor.java:142)
	at org.openqa.selenium.remote.RemoteWebDriver.execute(RemoteWebDriver.java:569)
	at org.openqa.selenium.remote.ElementLocation$ElementFinder$2.findElement(ElementLocation.java:162)
	at org.openqa.selenium.remote.ElementLocation.findElement(ElementLocation.java:60)
	at org.openqa.selenium.remote.RemoteWebDriver.findElement(RemoteWebDriver.java:387)
	at org.openqa.selenium.remote.RemoteWebDriver.findElement(RemoteWebDriver.java:379)
	at com.pages.DownloadAssetInformationPage.goToParticularAsset(DownloadAssetInformationPage.java:44)
	at stepdefinitions.EditAssetSteps.opens_real_page_and_user_clicks_on_properties_goes_to_a_particular_asset(EditAssetSteps.java:17)
	at ✽.Opens RealPage  and user clicks on properties goes to a particular asset "Selenium Testa"(file:///home/uttham-vlit/Desktop/BB2-RealPage/src/test/resources/Regressionfeatures/2_Edit%20Asset.feature:4)
</textarea>
      
      </div>
                  </div>
                  <div class="step skip-bg">
                    <span>When clicks on edit button and edit the values "Selenium Testb" "" "" "" "" "" "" "" "" "" "" "" "" "" "" "" "" "" "" ""</span>
      <div>Step skipped
      </div>
                  </div>
                  <div class="step skip-bg">
                    <span>Then check the updated values "Selenium Testb" "" "" "" "" "" "" "" "" "" "" "" "" "" "" "" "" "" "" "" "Successfully Updated Asset Details"</span>
      <div>Step skipped
      </div>
                  </div>
                  <div class="step pass-bg">
                    <span>apphooks.ApplicationHooks.tearDown(io.cucumber.java.Scenario)</span>
      <div>EditAssetPage
          <div class="row mb-3"><div class="col-md-3">
    <img data-featherlight='../embedded4.png' src="../embedded4.png">
    
    </div></div>
</div>
      <div>
      </div>
                  </div>
              </div>
            </div>
            <div class="card-body l1">
              <div class="card-header">
                <div class="card-title outline-child">
                  <div class="node" id="21"><span class="badge log pass-bg mr-2">Pass</span>EditAssetPage</div>
                </div>
              </div>
              <div class="card-body mt-3 collapse">
                  <div class="step pass-bg">
                    <span>Given Opens RealPage  and user clicks on properties goes to a particular asset "Selenium Testb"</span>
      <div>
      </div>
                  </div>
                  <div class="step pass-bg">
                    <span>When clicks on edit button and edit the values "" "" "" "Hyd" "" "" "" "" "" "" "" "" "" "" "" "" "" "" "" ""</span>
      <div>
      </div>
                  </div>
                  <div class="step pass-bg">
                    <span>Then check the updated values "" "" "" "Hyd" "" "" "" "" "" "" "" "" "" "" "" "" "" "" "" "" "Successfully Updated Asset Details"</span>
      <div>
      </div>
                  </div>
              </div>
            </div>
            <div class="card-body l1">
              <div class="card-header">
                <div class="card-title outline-child">
                  <div class="node" id="22"><span class="badge log pass-bg mr-2">Pass</span>EditAssetPage</div>
                </div>
              </div>
              <div class="card-body mt-3 collapse">
                  <div class="step pass-bg">
                    <span>Given Opens RealPage  and user clicks on properties goes to a particular asset "Selenium Testb"</span>
      <div>
      </div>
                  </div>
                  <div class="step pass-bg">
                    <span>When clicks on edit button and edit the values "" "" "" "" "" "" "23458" "" "" "" "" "" "" "" "" "" "" "" "" ""</span>
      <div>
      </div>
                  </div>
                  <div class="step pass-bg">
                    <span>Then check the updated values "" "" "" "" "" "" "23458" "" "" "" "" "" "" "" "" "" "" "" "" "" "Successfully Updated Asset Details"</span>
      <div>
      </div>
                  </div>
              </div>
            </div>
            <div class="card-body l1">
              <div class="card-header">
                <div class="card-title outline-child">
                  <div class="node" id="25"><span class="badge log pass-bg mr-2">Pass</span>EditAssetPage</div>
                </div>
              </div>
              <div class="card-body mt-3 collapse">
                  <div class="step pass-bg">
                    <span>Given Opens RealPage  and user clicks on properties goes to a particular asset "Selenium Testb"</span>
      <div>
      </div>
                  </div>
                  <div class="step pass-bg">
                    <span>When clicks on edit button and edit the values "" "" "" "" "" "New York" "" "" "" "" "" "" "" "" "" "" "" "" "" ""</span>
      <div>
      </div>
                  </div>
                  <div class="step pass-bg">
                    <span>Then check the updated values "" "" "" "" "" "New York" "" "" "" "" "" "" "" "" "" "" "" "" "" "" "Successfully Updated Asset Details"</span>
      <div>
      </div>
                  </div>
              </div>
            </div>
            <div class="card-body l1">
              <div class="card-header">
                <div class="card-title outline-child">
                  <div class="node" id="28"><span class="badge log pass-bg mr-2">Pass</span>EditAssetPage</div>
                </div>
              </div>
              <div class="card-body mt-3 collapse">
                  <div class="step pass-bg">
                    <span>Given Opens RealPage  and user clicks on properties goes to a particular asset "Selenium Testb"</span>
      <div>
      </div>
                  </div>
                  <div class="step pass-bg">
                    <span>When clicks on edit button and edit the values "" "" "United States" "" "" "" "" "" "" "" "" "" "" "" "" "" "" "" "" ""</span>
      <div>
      </div>
                  </div>
                  <div class="step pass-bg">
                    <span>Then check the updated values "" "" "United States" "" "" "" "" "" "" "" "" "" "" "" "" "" "" "" "" "" "Successfully Updated Asset Details"</span>
      <div>
      </div>
                  </div>
              </div>
            </div>
            <div class="card-body l1">
              <div class="card-header">
                <div class="card-title outline-child">
                  <div class="node" id="47"><span class="badge log pass-bg mr-2">Pass</span>EditAssetPage</div>
                </div>
              </div>
              <div class="card-body mt-3 collapse">
                  <div class="step pass-bg">
                    <span>Given Opens RealPage  and user clicks on properties goes to a particular asset "Selenium Testb"</span>
      <div>
      </div>
                  </div>
                  <div class="step pass-bg">
                    <span>When clicks on edit button and edit the values "" "" "" "" "" "" "" "" "" "" "Alexander Cato" "" "" "" "" "" "" "" "" ""</span>
      <div>
      </div>
                  </div>
                  <div class="step pass-bg">
                    <span>Then check the updated values "" "" "" "" "" "" "" "" "" "" "Alexander Cato" "" "" "" "" "" "" "" "" "" "Successfully Updated Asset Details"</span>
      <div>
      </div>
                  </div>
              </div>
            </div>
            <div class="card-body l1">
              <div class="card-header">
                <div class="card-title outline-child">
                  <div class="node" id="56"><span class="badge log pass-bg mr-2">Pass</span>EditAssetPage</div>
                </div>
              </div>
              <div class="card-body mt-3 collapse">
                  <div class="step pass-bg">
                    <span>Given Opens RealPage  and user clicks on properties goes to a particular asset "Selenium Testb"</span>
      <div>
      </div>
                  </div>
                  <div class="step pass-bg">
                    <span>When clicks on edit button and edit the values "" "" "" "" "" "" "" "" "" "" "" "Fund V" "" "" "" "" "" "" "" ""</span>
      <div>
      </div>
                  </div>
                  <div class="step pass-bg">
                    <span>Then check the updated values "" "" "" "" "" "" "" "" "" "" "" "Fund V" "" "" "" "" "" "" "" "" "Successfully Updated Asset Details"</span>
      <div>
      </div>
                  </div>
              </div>
            </div>
            <div class="card-body l1">
              <div class="card-header">
                <div class="card-title outline-child">
                  <div class="node" id="67"><span class="badge log fail-bg mr-2">Fail</span>EditAssetPage</div>
                    <div class="status-avatar float-right">
                      <i class="fa fa-paperclip"></i>
                    </div>
                </div>
              </div>
              <div class="card-body mt-3 ">
                  <div class="step pass-bg">
                    <span>Given Opens RealPage  and user clicks on properties goes to a particular asset "Selenium Testb"</span>
      <div>
      </div>
                  </div>
                  <div class="step pass-bg">
                    <span>When clicks on edit button and edit the values "" "" "" "" "" "" "" "" "" "" "" "" "Portfolio A" "" "" "" "" "" "" ""</span>
      <div>
      </div>
                  </div>
                  <div class="step fail-bg">
                    <span>Then check the updated values "" "" "" "" "" "" "" "" "" "" "" "" "Portfolio A" "" "" "" "" "" "" "" "Successfully Updated Asset Details"</span>
      <div>
        <textarea disabled class="code-block">java.lang.AssertionError: Expected : Portfolio A But Found : Portfolio S expected [Portfolio A] but found [Portfolio S]
	at org.testng.Assert.fail(Assert.java:99)
	at org.testng.Assert.failNotEquals(Assert.java:1037)
	at org.testng.Assert.assertEqualsImpl(Assert.java:140)
	at org.testng.Assert.assertEquals(Assert.java:122)
	at org.testng.Assert.assertEquals(Assert.java:629)
	at com.pages.EditAssetPage.updatedValueCheck(EditAssetPage.java:284)
	at stepdefinitions.EditAssetSteps.check_the_updated_values(EditAssetSteps.java:35)
	at ✽.check the updated values "" "" "" "" "" "" "" "" "" "" "" "" "Portfolio A" "" "" "" "" "" "" "" "Successfully Updated Asset Details"(file:///home/uttham-vlit/Desktop/BB2-RealPage/src/test/resources/Regressionfeatures/2_Edit%20Asset.feature:6)
</textarea>
      
      </div>
                  </div>
                  <div class="step pass-bg">
                    <span>apphooks.ApplicationHooks.tearDown(io.cucumber.java.Scenario)</span>
      <div>EditAssetPage
          <div class="row mb-3"><div class="col-md-3">
    <img data-featherlight='../embedded10.png' src="../embedded10.png">
    
    </div></div>
</div>
      <div>
      </div>
                  </div>
              </div>
            </div>
            <div class="card-body l1">
              <div class="card-header">
                <div class="card-title outline-child">
                  <div class="node" id="79"><span class="badge log fail-bg mr-2">Fail</span>EditAssetPage</div>
                    <div class="status-avatar float-right">
                      <i class="fa fa-paperclip"></i>
                    </div>
                </div>
              </div>
              <div class="card-body mt-3 ">
                  <div class="step pass-bg">
                    <span>Given Opens RealPage  and user clicks on properties goes to a particular asset "Selenium Testb"</span>
      <div>
      </div>
                  </div>
                  <div class="step fail-bg">
                    <span>When clicks on edit button and edit the values "" "" "" "" "" "" "" "" "" "" "" "" "" "10/01/2017" "" "" "" "" "" ""</span>
      <div>
        <textarea disabled class="code-block">org.openqa.selenium.NoSuchElementException: no such element: Unable to locate element: {"method":"xpath","selector":"//button[text()='Submit']"}
  (Session info: headless chrome=103.0.5060.53)
For documentation on this error, please visit: https://selenium.dev/exceptions/#no_such_element
Build info: version: '4.3.0', revision: 'a4995e2c09*'
System info: host: 'utthamvlit-Latitude-5580', ip: '127.0.1.1', os.name: 'Linux', os.arch: 'amd64', os.version: '5.15.0-48-generic', java.version: '11.0.16'
Driver info: org.openqa.selenium.chrome.ChromeDriver
Command: [4bb1429813f57d0134724be78df0ea80, findElement {using=xpath, value=//button[text()='Submit']}]
Capabilities {acceptInsecureCerts: false, browserName: chrome, browserVersion: 103.0.5060.53, chrome: {chromedriverVersion: 103.0.5060.134 (8ec6fce403b..., userDataDir: /tmp/.com.google.Chrome.TNVzfI}, goog:chromeOptions: {debuggerAddress: localhost:38853}, networkConnectionEnabled: false, pageLoadStrategy: normal, platformName: LINUX, proxy: Proxy(), se:cdp: ws://localhost:38853/devtoo..., se:cdpVersion: 103.0.5060.53, setWindowRect: true, strictFileInteractability: false, timeouts: {implicit: 0, pageLoad: 300000, script: 30000}, unhandledPromptBehavior: dismiss and notify, webauthn:extension:credBlob: true, webauthn:extension:largeBlob: true, webauthn:virtualAuthenticators: true}
Session ID: 4bb1429813f57d0134724be78df0ea80
	at java.base/jdk.internal.reflect.NativeConstructorAccessorImpl.newInstance0(Native Method)
	at java.base/jdk.internal.reflect.NativeConstructorAccessorImpl.newInstance(NativeConstructorAccessorImpl.java:62)
	at java.base/jdk.internal.reflect.DelegatingConstructorAccessorImpl.newInstance(DelegatingConstructorAccessorImpl.java:45)
	at java.base/java.lang.reflect.Constructor.newInstance(Constructor.java:490)
	at org.openqa.selenium.remote.codec.w3c.W3CHttpResponseCodec.createException(W3CHttpResponseCodec.java:200)
	at org.openqa.selenium.remote.codec.w3c.W3CHttpResponseCodec.decode(W3CHttpResponseCodec.java:133)
	at org.openqa.selenium.remote.codec.w3c.W3CHttpResponseCodec.decode(W3CHttpResponseCodec.java:53)
	at org.openqa.selenium.remote.HttpCommandExecutor.execute(HttpCommandExecutor.java:184)
	at org.openqa.selenium.remote.service.DriverCommandExecutor.invokeExecute(DriverCommandExecutor.java:167)
	at org.openqa.selenium.remote.service.DriverCommandExecutor.execute(DriverCommandExecutor.java:142)
	at org.openqa.selenium.remote.RemoteWebDriver.execute(RemoteWebDriver.java:569)
	at org.openqa.selenium.remote.ElementLocation$ElementFinder$2.findElement(ElementLocation.java:162)
	at org.openqa.selenium.remote.ElementLocation.findElement(ElementLocation.java:60)
	at org.openqa.selenium.remote.RemoteWebDriver.findElement(RemoteWebDriver.java:387)
	at org.openqa.selenium.remote.RemoteWebDriver.findElement(RemoteWebDriver.java:379)
	at com.pages.EditAssetPage.overViewTab(EditAssetPage.java:198)
	at stepdefinitions.EditAssetSteps.clicks_on_edit_button_and_edit_the_values(EditAssetSteps.java:26)
	at ✽.clicks on edit button and edit the values "" "" "" "" "" "" "" "" "" "" "" "" "" "10/01/2017" "" "" "" "" "" ""(file:///home/uttham-vlit/Desktop/BB2-RealPage/src/test/resources/Regressionfeatures/2_Edit%20Asset.feature:5)
</textarea>
      
      </div>
                  </div>
                  <div class="step skip-bg">
                    <span>Then check the updated values "" "" "" "" "" "" "" "" "" "" "" "" "" "10/01/2017" "" "" "" "" "" "" "Successfully Updated Asset Details"</span>
      <div>Step skipped
      </div>
                  </div>
                  <div class="step pass-bg">
                    <span>apphooks.ApplicationHooks.tearDown(io.cucumber.java.Scenario)</span>
      <div>EditAssetPage
          <div class="row mb-3"><div class="col-md-3">
    <img data-featherlight='../embedded8.png' src="../embedded8.png">
    
    </div></div>
</div>
      <div>
      </div>
                  </div>
              </div>
            </div>
            <div class="card-body l1">
              <div class="card-header">
                <div class="card-title outline-child">
                  <div class="node" id="82"><span class="badge log fail-bg mr-2">Fail</span>EditAssetPage</div>
                    <div class="status-avatar float-right">
                      <i class="fa fa-paperclip"></i>
                    </div>
                </div>
              </div>
              <div class="card-body mt-3 ">
                  <div class="step pass-bg">
                    <span>Given Opens RealPage  and user clicks on properties goes to a particular asset "Selenium Testb"</span>
      <div>
      </div>
                  </div>
                  <div class="step pass-bg">
                    <span>When clicks on edit button and edit the values "" "" "" "" "" "" "" "" "" "" "" "" "" "" "2012" "" "" "" "" ""</span>
      <div>
      </div>
                  </div>
                  <div class="step fail-bg">
                    <span>Then check the updated values "" "" "" "" "" "" "" "" "" "" "" "" "" "" "2012" "" "" "" "" "" "Successfully Updated Asset Details"</span>
      <div>
        <textarea disabled class="code-block">java.lang.AssertionError: Expected : 2012 But Found : 2022 expected [2012] but found [2022]
	at org.testng.Assert.fail(Assert.java:99)
	at org.testng.Assert.failNotEquals(Assert.java:1037)
	at org.testng.Assert.assertEqualsImpl(Assert.java:140)
	at org.testng.Assert.assertEquals(Assert.java:122)
	at org.testng.Assert.assertEquals(Assert.java:629)
	at com.pages.EditAssetPage.updatedValueCheck(EditAssetPage.java:256)
	at stepdefinitions.EditAssetSteps.check_the_updated_values(EditAssetSteps.java:35)
	at ✽.check the updated values "" "" "" "" "" "" "" "" "" "" "" "" "" "" "2012" "" "" "" "" "" "Successfully Updated Asset Details"(file:///home/uttham-vlit/Desktop/BB2-RealPage/src/test/resources/Regressionfeatures/2_Edit%20Asset.feature:6)
</textarea>
      
      </div>
                  </div>
                  <div class="step pass-bg">
                    <span>apphooks.ApplicationHooks.tearDown(io.cucumber.java.Scenario)</span>
      <div>EditAssetPage
          <div class="row mb-3"><div class="col-md-3">
    <img data-featherlight='../embedded6.png' src="../embedded6.png">
    
    </div></div>
</div>
      <div>
      </div>
                  </div>
              </div>
            </div>
            <div class="card-body l1">
              <div class="card-header">
                <div class="card-title outline-child">
                  <div class="node" id="89"><span class="badge log fail-bg mr-2">Fail</span>EditAssetPage</div>
                    <div class="status-avatar float-right">
                      <i class="fa fa-paperclip"></i>
                    </div>
                </div>
              </div>
              <div class="card-body mt-3 ">
                  <div class="step pass-bg">
                    <span>Given Opens RealPage  and user clicks on properties goes to a particular asset "Selenium Testb"</span>
      <div>
      </div>
                  </div>
                  <div class="step fail-bg">
                    <span>When clicks on edit button and edit the values "" "" "" "" "" "" "" "" "" "" "" "" "" "" "" "06/19/2021" "" "" "" ""</span>
      <div>
        <textarea disabled class="code-block">org.openqa.selenium.NoSuchElementException: no such element: Unable to locate element: {"method":"xpath","selector":"//button[text()='Submit']"}
  (Session info: headless chrome=103.0.5060.53)
For documentation on this error, please visit: https://selenium.dev/exceptions/#no_such_element
Build info: version: '4.3.0', revision: 'a4995e2c09*'
System info: host: 'utthamvlit-Latitude-5580', ip: '127.0.1.1', os.name: 'Linux', os.arch: 'amd64', os.version: '5.15.0-48-generic', java.version: '11.0.16'
Driver info: org.openqa.selenium.chrome.ChromeDriver
Command: [e9ec2bdd89f8e4f4ad3757bce5d762b8, findElement {using=xpath, value=//button[text()='Submit']}]
Capabilities {acceptInsecureCerts: false, browserName: chrome, browserVersion: 103.0.5060.53, chrome: {chromedriverVersion: 103.0.5060.134 (8ec6fce403b..., userDataDir: /tmp/.com.google.Chrome.KEH2NS}, goog:chromeOptions: {debuggerAddress: localhost:41327}, networkConnectionEnabled: false, pageLoadStrategy: normal, platformName: LINUX, proxy: Proxy(), se:cdp: ws://localhost:41327/devtoo..., se:cdpVersion: 103.0.5060.53, setWindowRect: true, strictFileInteractability: false, timeouts: {implicit: 0, pageLoad: 300000, script: 30000}, unhandledPromptBehavior: dismiss and notify, webauthn:extension:credBlob: true, webauthn:extension:largeBlob: true, webauthn:virtualAuthenticators: true}
Session ID: e9ec2bdd89f8e4f4ad3757bce5d762b8
	at java.base/jdk.internal.reflect.NativeConstructorAccessorImpl.newInstance0(Native Method)
	at java.base/jdk.internal.reflect.NativeConstructorAccessorImpl.newInstance(NativeConstructorAccessorImpl.java:62)
	at java.base/jdk.internal.reflect.DelegatingConstructorAccessorImpl.newInstance(DelegatingConstructorAccessorImpl.java:45)
	at java.base/java.lang.reflect.Constructor.newInstance(Constructor.java:490)
	at org.openqa.selenium.remote.codec.w3c.W3CHttpResponseCodec.createException(W3CHttpResponseCodec.java:200)
	at org.openqa.selenium.remote.codec.w3c.W3CHttpResponseCodec.decode(W3CHttpResponseCodec.java:133)
	at org.openqa.selenium.remote.codec.w3c.W3CHttpResponseCodec.decode(W3CHttpResponseCodec.java:53)
	at org.openqa.selenium.remote.HttpCommandExecutor.execute(HttpCommandExecutor.java:184)
	at org.openqa.selenium.remote.service.DriverCommandExecutor.invokeExecute(DriverCommandExecutor.java:167)
	at org.openqa.selenium.remote.service.DriverCommandExecutor.execute(DriverCommandExecutor.java:142)
	at org.openqa.selenium.remote.RemoteWebDriver.execute(RemoteWebDriver.java:569)
	at org.openqa.selenium.remote.ElementLocation$ElementFinder$2.findElement(ElementLocation.java:162)
	at org.openqa.selenium.remote.ElementLocation.findElement(ElementLocation.java:60)
	at org.openqa.selenium.remote.RemoteWebDriver.findElement(RemoteWebDriver.java:387)
	at org.openqa.selenium.remote.RemoteWebDriver.findElement(RemoteWebDriver.java:379)
	at com.pages.EditAssetPage.overViewTab(EditAssetPage.java:198)
	at stepdefinitions.EditAssetSteps.clicks_on_edit_button_and_edit_the_values(EditAssetSteps.java:26)
	at ✽.clicks on edit button and edit the values "" "" "" "" "" "" "" "" "" "" "" "" "" "" "" "06/19/2021" "" "" "" ""(file:///home/uttham-vlit/Desktop/BB2-RealPage/src/test/resources/Regressionfeatures/2_Edit%20Asset.feature:5)
</textarea>
      
      </div>
                  </div>
                  <div class="step skip-bg">
                    <span>Then check the updated values "" "" "" "" "" "" "" "" "" "" "" "" "" "" "" "06/19/2021" "" "" "" "" "Successfully Updated Asset Details"</span>
      <div>Step skipped
      </div>
                  </div>
                  <div class="step pass-bg">
                    <span>apphooks.ApplicationHooks.tearDown(io.cucumber.java.Scenario)</span>
      <div>EditAssetPage
          <div class="row mb-3"><div class="col-md-3">
    <img data-featherlight='../embedded9.png' src="../embedded9.png">
    
    </div></div>
</div>
      <div>
      </div>
                  </div>
              </div>
            </div>
            <div class="card-body l1">
              <div class="card-header">
                <div class="card-title outline-child">
                  <div class="node" id="94"><span class="badge log pass-bg mr-2">Pass</span>EditAssetPage</div>
                </div>
              </div>
              <div class="card-body mt-3 collapse">
                  <div class="step pass-bg">
                    <span>Given Opens RealPage  and user clicks on properties goes to a particular asset "Selenium Testb"</span>
      <div>
      </div>
                  </div>
                  <div class="step pass-bg">
                    <span>When clicks on edit button and edit the values "" "" "" "" "" "" "" "" "" "" "" "" "" "" "" "" "USD" "" "" ""</span>
      <div>
      </div>
                  </div>
                  <div class="step pass-bg">
                    <span>Then check the updated values "" "" "" "" "" "" "" "" "" "" "" "" "" "" "" "" "USD" "" "" "" "Successfully Updated Asset Details"</span>
      <div>
      </div>
                  </div>
              </div>
            </div>
            <div class="card-body l1">
              <div class="card-header">
                <div class="card-title outline-child">
                  <div class="node" id="99"><span class="badge log fail-bg mr-2">Fail</span>EditAssetPage</div>
                    <div class="status-avatar float-right">
                      <i class="fa fa-paperclip"></i>
                    </div>
                </div>
              </div>
              <div class="card-body mt-3 ">
                  <div class="step pass-bg">
                    <span>Given Opens RealPage  and user clicks on properties goes to a particular asset "Selenium Testb"</span>
      <div>
      </div>
                  </div>
                  <div class="step pass-bg">
                    <span>When clicks on edit button and edit the values "" "" "" "" "" "" "" "" "" "" "" "" "" "" "" "" "" "SQMT" "" ""</span>
      <div>
      </div>
                  </div>
                  <div class="step fail-bg">
                    <span>Then check the updated values "" "" "" "" "" "" "" "" "" "" "" "" "" "" "" "" "" "SQMT" "" "" "Successfully Updated Asset Details"</span>
      <div>
        <textarea disabled class="code-block">java.lang.AssertionError: Expected : SQMT But Found : SqMt expected [SQMT] but found [SqMt]
	at org.testng.Assert.fail(Assert.java:99)
	at org.testng.Assert.failNotEquals(Assert.java:1037)
	at org.testng.Assert.assertEqualsImpl(Assert.java:140)
	at org.testng.Assert.assertEquals(Assert.java:122)
	at org.testng.Assert.assertEquals(Assert.java:629)
	at com.pages.EditAssetPage.updatedValueCheck(EditAssetPage.java:268)
	at stepdefinitions.EditAssetSteps.check_the_updated_values(EditAssetSteps.java:35)
	at ✽.check the updated values "" "" "" "" "" "" "" "" "" "" "" "" "" "" "" "" "" "SQMT" "" "" "Successfully Updated Asset Details"(file:///home/uttham-vlit/Desktop/BB2-RealPage/src/test/resources/Regressionfeatures/2_Edit%20Asset.feature:6)
</textarea>
      
      </div>
                  </div>
                  <div class="step pass-bg">
                    <span>apphooks.ApplicationHooks.tearDown(io.cucumber.java.Scenario)</span>
      <div>EditAssetPage
          <div class="row mb-3"><div class="col-md-3">
    <img data-featherlight='../embedded7.png' src="../embedded7.png">
    
    </div></div>
</div>
      <div>
      </div>
                  </div>
              </div>
            </div>
            <div class="card-body l1">
              <div class="card-header">
                <div class="card-title outline-child">
                  <div class="node" id="106"><span class="badge log fail-bg mr-2">Fail</span>EditAssetPage</div>
                    <div class="status-avatar float-right">
                      <i class="fa fa-paperclip"></i>
                    </div>
                </div>
              </div>
              <div class="card-body mt-3 ">
                  <div class="step pass-bg">
                    <span>Given Opens RealPage  and user clicks on properties goes to a particular asset "Selenium Testb"</span>
      <div>
      </div>
                  </div>
                  <div class="step pass-bg">
                    <span>When clicks on edit button and edit the values "" "" "" "" "" "" "" "" "" "" "" "" "" "" "" "" "" "" "35,000" ""</span>
      <div>
      </div>
                  </div>
                  <div class="step fail-bg">
                    <span>Then check the updated values "" "" "" "" "" "" "" "" "" "" "" "" "" "" "" "" "" "" "35,000" "" "Successfully Updated Asset Details"</span>
      <div>
        <textarea disabled class="code-block">java.lang.AssertionError: Expected : 35,000 But Found : 35,000 SqMt expected [35,000] but found [35,000 SqMt]
	at org.testng.Assert.fail(Assert.java:99)
	at org.testng.Assert.failNotEquals(Assert.java:1037)
	at org.testng.Assert.assertEqualsImpl(Assert.java:140)
	at org.testng.Assert.assertEquals(Assert.java:122)
	at org.testng.Assert.assertEquals(Assert.java:629)
	at com.pages.EditAssetPage.updatedValueCheck(EditAssetPage.java:264)
	at stepdefinitions.EditAssetSteps.check_the_updated_values(EditAssetSteps.java:35)
	at ✽.check the updated values "" "" "" "" "" "" "" "" "" "" "" "" "" "" "" "" "" "" "35,000" "" "Successfully Updated Asset Details"(file:///home/uttham-vlit/Desktop/BB2-RealPage/src/test/resources/Regressionfeatures/2_Edit%20Asset.feature:6)
</textarea>
      
      </div>
                  </div>
                  <div class="step pass-bg">
                    <span>apphooks.ApplicationHooks.tearDown(io.cucumber.java.Scenario)</span>
      <div>EditAssetPage
          <div class="row mb-3"><div class="col-md-3">
    <img data-featherlight='../embedded5.png' src="../embedded5.png">
    
    </div></div>
</div>
      <div>
      </div>
                  </div>
              </div>
            </div>
            <div class="card-body l1">
              <div class="card-header">
                <div class="card-title outline-child">
                  <div class="node" id="111"><span class="badge log pass-bg mr-2">Pass</span>EditAssetPage</div>
                </div>
              </div>
              <div class="card-body mt-3 collapse">
                  <div class="step pass-bg">
                    <span>Given Opens RealPage  and user clicks on properties goes to a particular asset "Selenium Testb"</span>
      <div>
      </div>
                  </div>
                  <div class="step pass-bg">
                    <span>When clicks on edit button and edit the values "" "" "" "" "" "" "" "" "" "" "" "" "" "" "" "" "" "" "" "Discounted Cash Flow"</span>
      <div>
      </div>
                  </div>
                  <div class="step pass-bg">
                    <span>Then check the updated values "" "" "" "" "" "" "" "" "" "" "" "" "" "" "" "" "" "" "" "Discounted Cash Flow" "Successfully Updated Asset Details"</span>
      <div>
      </div>
                  </div>
              </div>
            </div>
        </div>
  </div>
</div>
          </div>
        </li>
      </ul>
    </div>
  </div>
<div class="test-content scrollable">
<div class="test-content-tools">
<ul><li><a class="back-to-test" href="#"><i class="fa fa-arrow-left"></i></a></li></ul>
</div>
<div class="test-content-detail"><div class="detail-body"></div></div>
</div></div>
<div class="test-wrapper row view exception-view attributes-view">
<div class="test-list">
<div class="test-list-tools">
<ul class="tools pull-left"><li><a href=""><span class="font-size-14">Exception</span></a></li></ul>
<ul class="tools text-right"><li><a href="#"><span class="badge badge-primary">3</span></a></li></ul>
</div>
<div class="test-list-wrapper scrollable">
<ul class="test-list-item">
<li class="test-item">
<div class="test-detail">
<span class="meta">
<span class='badge log badge-danger'>1</span>
</span>
<p class="name">java.lang.AssertionError</p>
<p class="duration text-sm">1 tests</p>
</div>
<div class="test-contents d-none">
<div class="info">
<h4>java.lang.AssertionError</h4>
<span status="fail" class='badge log badge-danger'>1 failed</span>
</div>
<table class='table table-sm mt-4'>
<thead>
<tr>
<th class="status-col">Status</th>
<th class="timestamp-col">Timestamp</th>
<th>TestName</th>
</tr>
</thead>
<tbody>
<tr class="tag-test-status" status="fail">
<td><span class="badge log fail-bg">Fail</span></td>
<td>16:10:50 PM</td>
<td>
<a href="#" class="linked" test-id='1' id='60'>Then check the updated values "" "" "" "" "" "" "" "" "" "21,500,000" "" "" "" "" "" "" "" "" "" "" "Successfully Updated Asset Details"</a>
<div class="">
<span class="badge badge-default">EditAssetPage.EditAssetPage.Then check the updated values "" "" "" "" "" "" "" "" "" "21,500,000" "" "" "" "" "" "" "" "" "" "" "Successfully Updated Asset Details"</span>
</div>
</td>
</tr>
<tr class="tag-test-status" status="fail">
<td><span class="badge log fail-bg">Fail</span></td>
<td>16:10:59 PM</td>
<td>
<a href="#" class="linked" test-id='1' id='86'>Then check the updated values "" "" "" "" "" "" "" "Multifamily" "" "" "" "" "" "" "" "" "" "" "" "" "Successfully Updated Asset Details"</a>
<div class="">
<span class="badge badge-default">EditAssetPage.EditAssetPage.Then check the updated values "" "" "" "" "" "" "" "Multifamily" "" "" "" "" "" "" "" "" "" "" "" "" "Successfully Updated Asset Details"</span>
</div>
</td>
</tr>
<tr class="tag-test-status" status="fail">
<td><span class="badge log fail-bg">Fail</span></td>
<td>16:12:00 PM</td>
<td>
<a href="#" class="linked" test-id='1' id='138'>Then check the updated values "" "" "" "" "" "" "" "" "" "" "" "" "" "" "" "" "" "" "35,000" "" "Successfully Updated Asset Details"</a>
<div class="">
<span class="badge badge-default">EditAssetPage.EditAssetPage.Then check the updated values "" "" "" "" "" "" "" "" "" "" "" "" "" "" "" "" "" "" "35,000" "" "Successfully Updated Asset Details"</span>
</div>
</td>
</tr>
<tr class="tag-test-status" status="fail">
<td><span class="badge log fail-bg">Fail</span></td>
<td>16:12:01 PM</td>
<td>
<a href="#" class="linked" test-id='1' id='140'>Then check the updated values "" "" "" "" "" "" "" "" "" "" "" "" "" "" "2012" "" "" "" "" "" "Successfully Updated Asset Details"</a>
<div class="">
<span class="badge badge-default">EditAssetPage.EditAssetPage.Then check the updated values "" "" "" "" "" "" "" "" "" "" "" "" "" "" "2012" "" "" "" "" "" "Successfully Updated Asset Details"</span>
</div>
</td>
</tr>
<tr class="tag-test-status" status="fail">
<td><span class="badge log fail-bg">Fail</span></td>
<td>16:12:03 PM</td>
<td>
<a href="#" class="linked" test-id='1' id='148'>Then check the updated values "" "" "" "" "" "" "" "" "" "" "" "" "" "" "" "" "" "SQMT" "" "" "Successfully Updated Asset Details"</a>
<div class="">
<span class="badge badge-default">EditAssetPage.EditAssetPage.Then check the updated values "" "" "" "" "" "" "" "" "" "" "" "" "" "" "" "" "" "SQMT" "" "" "Successfully Updated Asset Details"</span>
</div>
</td>
</tr>
<tr class="tag-test-status" status="fail">
<td><span class="badge log fail-bg">Fail</span></td>
<td>16:12:00 PM</td>
<td>
<a href="#" class="linked" test-id='1' id='139'>Then check the updated values "" "" "" "" "" "" "" "" "" "" "" "" "Portfolio A" "" "" "" "" "" "" "" "Successfully Updated Asset Details"</a>
<div class="">
<span class="badge badge-default">EditAssetPage.EditAssetPage.Then check the updated values "" "" "" "" "" "" "" "" "" "" "" "" "Portfolio A" "" "" "" "" "" "" "" "Successfully Updated Asset Details"</span>
</div>
</td>
</tr>
</tbody>
</table>
</div>
</li>
<li class="test-item">
<div class="test-detail">
<span class="meta">
<span class='badge log badge-danger'>1</span>
</span>
<p class="name">org.openqa.selenium.ElementClickInterceptedException</p>
<p class="duration text-sm">1 tests</p>
</div>
<div class="test-contents d-none">
<div class="info">
<h4>org.openqa.selenium.ElementClickInterceptedException</h4>
<span status="fail" class='badge log badge-danger'>1 failed</span>
</div>
<table class='table table-sm mt-4'>
<thead>
<tr>
<th class="status-col">Status</th>
<th class="timestamp-col">Timestamp</th>
<th>TestName</th>
</tr>
</thead>
<tbody>
<tr class="tag-test-status" status="fail">
<td><span class="badge log fail-bg">Fail</span></td>
<td>16:10:25 PM</td>
<td>
<a href="#" class="linked" test-id='1' id='37'>Given Opens RealPage and user clicks on properties goes to a particular asset "Selenium Testb"</a>
<div class="">
<span class="badge badge-default">EditAssetPage.EditAssetPage.Given Opens RealPage and user clicks on properties goes to a particular asset "Selenium Testb"</span>
</div>
</td>
</tr>
</tbody>
</table>
</div>
</li>
<li class="test-item">
<div class="test-detail">
<span class="meta">
<span class='badge log badge-danger'>1</span>
</span>
<p class="name">org.openqa.selenium.NoSuchElementException</p>
<p class="duration text-sm">1 tests</p>
</div>
<div class="test-contents d-none">
<div class="info">
<h4>org.openqa.selenium.NoSuchElementException</h4>
<span status="fail" class='badge log badge-danger'>1 failed</span>
</div>
<table class='table table-sm mt-4'>
<thead>
<tr>
<th class="status-col">Status</th>
<th class="timestamp-col">Timestamp</th>
<th>TestName</th>
</tr>
</thead>
<tbody>
<tr class="tag-test-status" status="fail">
<td><span class="badge log fail-bg">Fail</span></td>
<td>16:10:22 PM</td>
<td>
<a href="#" class="linked" test-id='1' id='36'>Given Opens RealPage and user clicks on properties goes to a particular asset "Selenium Testa"</a>
<div class="">
<span class="badge badge-default">EditAssetPage.EditAssetPage.Given Opens RealPage and user clicks on properties goes to a particular asset "Selenium Testa"</span>
</div>
</td>
</tr>
<tr class="tag-test-status" status="fail">
<td><span class="badge log fail-bg">Fail</span></td>
<td>16:11:54 PM</td>
<td>
<a href="#" class="linked" test-id='1' id='131'>When clicks on edit button and edit the values "" "" "" "" "" "" "" "" "" "" "" "" "" "10/01/2017" "" "" "" "" "" ""</a>
<div class="">
<span class="badge badge-default">EditAssetPage.EditAssetPage.When clicks on edit button and edit the values "" "" "" "" "" "" "" "" "" "" "" "" "" "10/01/2017" "" "" "" "" "" ""</span>
</div>
</td>
</tr>
<tr class="tag-test-status" status="fail">
<td><span class="badge log fail-bg">Fail</span></td>
<td>16:11:56 PM</td>
<td>
<a href="#" class="linked" test-id='1' id='133'>When clicks on edit button and edit the values "" "" "" "" "" "" "" "" "" "" "" "" "" "" "" "06/19/2021" "" "" "" ""</a>
<div class="">
<span class="badge badge-default">EditAssetPage.EditAssetPage.When clicks on edit button and edit the values "" "" "" "" "" "" "" "" "" "" "" "" "" "" "" "06/19/2021" "" "" "" ""</span>
</div>
</td>
</tr>
</tbody>
</table>
</div>
</li>
</ul>
</div>
</div>
<div class="test-content scrollable">
<div class="test-content-detail">
<div class="detail-body"></div>
</div>
</div>
</div>        </div>
      </div>
    </div>
  </div>
<script src="https://cdn.jsdelivr.net/gh/extent-framework/extent-github-cdn@14e9bb345ef7e2ed3a102f271d84e9f0267c88e7/spark/js/spark-script.js"></script>
<script type="text/javascript"></script></body>
</html>